2019-07-17 10:48:22,981:INFO:NEW GCCA RUN
2019-07-17 10:48:22,982:INFO:Task: restingstate, Level: e
2019-07-17 10:48:33,822:INFO:NEW GCCA RUN
2019-07-17 10:48:33,822:INFO:Task: restingstate, Level: e
2019-07-17 10:48:58,933:INFO:NEW GCCA RUN
2019-07-17 10:48:58,933:INFO:Task: restingstate, Level: e
2019-07-17 10:49:13,800:INFO:NEW GCCA RUN
2019-07-17 10:49:13,800:INFO:Task: restingstate, Level: e
2019-07-17 10:49:13,801:INFO:Fitting GCCA, reduced dimension: 6
2019-07-17 10:49:13,801:INFO:data num is 0
2019-07-17 10:49:13,801:INFO:normalizing
2019-07-17 10:49:13,801:INFO:calc variance & covariance matrix
2019-07-17 10:52:19,993:INFO:NEW GCCA RUN
2019-07-17 10:52:19,993:INFO:Task: restingstate, Level: e
2019-07-17 10:52:24,759:INFO:NEW GCCA RUN
2019-07-17 10:52:24,759:INFO:Task: restingstate, Level: e
2019-07-17 10:54:05,102:INFO:NEW GCCA RUN
2019-07-17 10:54:05,103:INFO:Task: restingstate, Level: e
2019-07-17 10:54:29,633:INFO:NEW GCCA RUN
2019-07-17 10:54:29,633:INFO:Task: restingstate, Level: e
2019-07-17 10:57:28,937:INFO:NEW GCCA RUN
2019-07-17 10:57:28,938:INFO:Task: restingstate, Level: e
2019-07-17 10:57:54,483:INFO:NEW GCCA RUN
2019-07-17 10:57:54,484:INFO:Task: restingstate, Level: e
2019-07-17 11:00:02,388:INFO:NEW GCCA RUN
2019-07-17 11:00:02,388:INFO:Task: restingstate, Level: e
2019-07-17 11:00:30,592:INFO:NEW GCCA RUN
2019-07-17 11:00:30,592:INFO:Task: restingstate, Level: e
2019-07-17 11:01:34,864:INFO:NEW GCCA RUN
2019-07-17 11:01:34,864:INFO:Task: restingstate, Level: e
2019-07-17 11:02:36,657:INFO:NEW GCCA RUN
2019-07-17 11:02:36,657:INFO:Task: restingstate, Level: e
2019-07-17 11:03:24,050:INFO:Fitting GCCA, reduced dimension: 6
2019-07-17 11:03:24,051:INFO:data num is 29
2019-07-17 11:03:24,052:INFO:data shape x_0: (18715, 300)
2019-07-17 11:03:24,052:INFO:data shape x_1: (18715, 300)
2019-07-17 11:03:24,052:INFO:data shape x_2: (18715, 300)
2019-07-17 11:03:24,052:INFO:data shape x_3: (18715, 300)
2019-07-17 11:03:24,053:INFO:data shape x_4: (18715, 300)
2019-07-17 11:03:24,053:INFO:data shape x_5: (18715, 300)
2019-07-17 11:03:24,053:INFO:data shape x_6: (18715, 300)
2019-07-17 11:03:24,053:INFO:data shape x_7: (18715, 300)
2019-07-17 11:03:24,053:INFO:data shape x_8: (18715, 300)
2019-07-17 11:03:24,053:INFO:data shape x_9: (18715, 300)
2019-07-17 11:03:24,053:INFO:data shape x_10: (18715, 300)
2019-07-17 11:03:24,053:INFO:data shape x_11: (18715, 300)
2019-07-17 11:03:24,053:INFO:data shape x_12: (18715, 300)
2019-07-17 11:03:24,053:INFO:data shape x_13: (18715, 300)
2019-07-17 11:03:24,053:INFO:data shape x_14: (18715, 300)
2019-07-17 11:03:24,053:INFO:data shape x_15: (18715, 300)
2019-07-17 11:03:24,053:INFO:data shape x_16: (18715, 300)
2019-07-17 11:03:24,053:INFO:data shape x_17: (18715, 300)
2019-07-17 11:03:24,054:INFO:data shape x_18: (18715, 300)
2019-07-17 11:03:24,054:INFO:data shape x_19: (18715, 300)
2019-07-17 11:03:24,054:INFO:data shape x_20: (18715, 300)
2019-07-17 11:03:24,054:INFO:data shape x_21: (18715, 300)
2019-07-17 11:03:24,054:INFO:data shape x_22: (18715, 300)
2019-07-17 11:03:24,054:INFO:data shape x_23: (18715, 300)
2019-07-17 11:03:24,054:INFO:data shape x_24: (18715, 300)
2019-07-17 11:03:24,054:INFO:data shape x_25: (18715, 300)
2019-07-17 11:03:24,054:INFO:data shape x_26: (18715, 300)
2019-07-17 11:03:24,054:INFO:data shape x_27: (18715, 300)
2019-07-17 11:03:24,054:INFO:data shape x_28: (18715, 300)
2019-07-17 11:03:24,054:INFO:normalizing
2019-07-17 11:03:25,328:INFO:calc variance & covariance matrix
2019-07-17 11:03:34,580:INFO:adding regularization term
2019-07-17 11:03:34,595:INFO:calculating generalized eigenvalue problem ( A*u = (lambda)*B*u )
2019-07-17 11:03:37,025:INFO:solving
2019-07-17 11:03:37,026:INFO:calculating eigen dimension
2019-07-17 11:22:32,286:INFO:calculating eigenvalues & eigenvector
2019-07-17 15:06:33,404:INFO:sorting eigenvalues & eigenvector
2019-07-17 15:06:34,413:INFO:normalization
2019-07-17 15:06:34,415:INFO:normalization
2019-07-17 15:06:34,416:INFO:normalization
2019-07-17 15:06:34,417:INFO:normalization
2019-07-17 15:06:34,418:INFO:normalization
2019-07-17 15:06:34,419:INFO:normalization
2019-07-17 15:06:34,420:INFO:normalization
2019-07-17 15:06:34,421:INFO:normalization
2019-07-17 15:06:34,422:INFO:normalization
2019-07-17 15:06:34,431:INFO:normalization
2019-07-17 15:06:34,432:INFO:normalization
2019-07-17 15:06:34,433:INFO:normalization
2019-07-17 15:06:34,434:INFO:normalization
2019-07-17 15:06:34,434:INFO:normalization
2019-07-17 15:06:34,435:INFO:normalization
2019-07-17 15:06:34,436:INFO:normalization
2019-07-17 15:06:34,437:INFO:normalization
2019-07-17 15:06:34,438:INFO:normalization
2019-07-17 15:06:34,438:INFO:normalization
2019-07-17 15:06:34,439:INFO:normalization
2019-07-17 15:06:34,451:INFO:normalization
2019-07-17 15:06:34,452:INFO:normalization
2019-07-17 15:06:34,453:INFO:normalization
2019-07-17 15:06:34,454:INFO:normalization
2019-07-17 15:06:34,455:INFO:normalization
2019-07-17 15:06:34,456:INFO:normalization
2019-07-17 15:06:34,457:INFO:normalization
2019-07-17 15:06:34,458:INFO:normalization
2019-07-17 15:06:34,459:INFO:normalization
2019-07-17 15:06:34,722:INFO:Transforming raw data
2019-07-17 15:06:34,723:INFO:data num is 29
2019-07-17 15:06:34,723:INFO:data shape x_0: (18715, 300)
2019-07-17 15:06:34,723:INFO:data shape x_1: (18715, 300)
2019-07-17 15:06:34,723:INFO:data shape x_2: (18715, 300)
2019-07-17 15:06:34,723:INFO:data shape x_3: (18715, 300)
2019-07-17 15:06:34,723:INFO:data shape x_4: (18715, 300)
2019-07-17 15:06:34,723:INFO:data shape x_5: (18715, 300)
2019-07-17 15:06:34,723:INFO:data shape x_6: (18715, 300)
2019-07-17 15:06:34,723:INFO:data shape x_7: (18715, 300)
2019-07-17 15:06:34,723:INFO:data shape x_8: (18715, 300)
2019-07-17 15:06:34,723:INFO:data shape x_9: (18715, 300)
2019-07-17 15:06:34,723:INFO:data shape x_10: (18715, 300)
2019-07-17 15:06:34,723:INFO:data shape x_11: (18715, 300)
2019-07-17 15:06:34,724:INFO:data shape x_12: (18715, 300)
2019-07-17 15:06:34,724:INFO:data shape x_13: (18715, 300)
2019-07-17 15:06:34,724:INFO:data shape x_14: (18715, 300)
2019-07-17 15:06:34,724:INFO:data shape x_15: (18715, 300)
2019-07-17 15:06:34,724:INFO:data shape x_16: (18715, 300)
2019-07-17 15:06:34,724:INFO:data shape x_17: (18715, 300)
2019-07-17 15:06:34,724:INFO:data shape x_18: (18715, 300)
2019-07-17 15:06:34,724:INFO:data shape x_19: (18715, 300)
2019-07-17 15:06:34,724:INFO:data shape x_20: (18715, 300)
2019-07-17 15:06:34,724:INFO:data shape x_21: (18715, 300)
2019-07-17 15:06:34,724:INFO:data shape x_22: (18715, 300)
2019-07-17 15:06:34,724:INFO:data shape x_23: (18715, 300)
2019-07-17 15:06:34,724:INFO:data shape x_24: (18715, 300)
2019-07-17 15:06:34,724:INFO:data shape x_25: (18715, 300)
2019-07-17 15:06:34,724:INFO:data shape x_26: (18715, 300)
2019-07-17 15:06:34,725:INFO:data shape x_27: (18715, 300)
2019-07-17 15:06:34,725:INFO:data shape x_28: (18715, 300)
2019-07-17 15:06:34,725:INFO:normalizing
2019-07-17 15:06:36,222:INFO:transform matrices by GCCA
2019-07-17 15:06:36,686:INFO:Saving transformed subjects to /mnt/ssd3/ronan/data/gcca
2019-07-17 15:15:51,061:INFO:NEW GCCA RUN
2019-07-17 15:15:51,061:INFO:Task: restingstate, Level: e
2019-07-17 16:37:00,575:INFO:NEW GCCA RUN
2019-07-17 16:37:00,576:INFO:Task: restingstate, Level: e
2019-07-17 16:37:48,575:INFO:Fitting GCCA, reduced dimension: 6
2019-07-17 16:37:48,576:INFO:data num is 29
2019-07-17 16:37:48,577:INFO:data shape x_0: (18715, 300)
2019-07-17 16:37:48,578:INFO:data shape x_1: (18715, 300)
2019-07-17 16:37:48,578:INFO:data shape x_2: (18715, 300)
2019-07-17 16:37:48,578:INFO:data shape x_3: (18715, 300)
2019-07-17 16:37:48,578:INFO:data shape x_4: (18715, 300)
2019-07-17 16:37:48,578:INFO:data shape x_5: (18715, 300)
2019-07-17 16:37:48,578:INFO:data shape x_6: (18715, 300)
2019-07-17 16:37:48,578:INFO:data shape x_7: (18715, 300)
2019-07-17 16:37:48,578:INFO:data shape x_8: (18715, 300)
2019-07-17 16:37:48,578:INFO:data shape x_9: (18715, 300)
2019-07-17 16:37:48,578:INFO:data shape x_10: (18715, 300)
2019-07-17 16:37:48,578:INFO:data shape x_11: (18715, 300)
2019-07-17 16:37:48,578:INFO:data shape x_12: (18715, 300)
2019-07-17 16:37:48,578:INFO:data shape x_13: (18715, 300)
2019-07-17 16:37:48,578:INFO:data shape x_14: (18715, 300)
2019-07-17 16:37:48,579:INFO:data shape x_15: (18715, 300)
2019-07-17 16:37:48,579:INFO:data shape x_16: (18715, 300)
2019-07-17 16:37:48,579:INFO:data shape x_17: (18715, 300)
2019-07-17 16:37:48,579:INFO:data shape x_18: (18715, 300)
2019-07-17 16:37:48,579:INFO:data shape x_19: (18715, 300)
2019-07-17 16:37:48,579:INFO:data shape x_20: (18715, 300)
2019-07-17 16:37:48,579:INFO:data shape x_21: (18715, 300)
2019-07-17 16:37:48,579:INFO:data shape x_22: (18715, 300)
2019-07-17 16:37:48,579:INFO:data shape x_23: (18715, 300)
2019-07-17 16:37:48,579:INFO:data shape x_24: (18715, 300)
2019-07-17 16:37:48,579:INFO:data shape x_25: (18715, 300)
2019-07-17 16:37:48,579:INFO:data shape x_26: (18715, 300)
2019-07-17 16:37:48,579:INFO:data shape x_27: (18715, 300)
2019-07-17 16:37:48,579:INFO:data shape x_28: (18715, 300)
2019-07-17 16:37:48,579:INFO:normalizing
2019-07-17 16:37:49,886:INFO:calc variance & covariance matrix
2019-07-17 16:37:59,271:INFO:adding regularization term
2019-07-17 16:37:59,285:INFO:calculating generalized eigenvalue problem ( A*u = (lambda)*B*u )
2019-07-17 16:38:01,669:INFO:solving
2019-07-17 16:38:01,670:INFO:calculating eigen dimension
2019-07-17 16:56:59,429:INFO:calculating eigenvalues & eigenvector
2019-07-17 21:03:09,428:INFO:sorting eigenvalues & eigenvector
2019-07-17 21:03:10,085:INFO:normalization
2019-07-17 21:03:10,086:INFO:normalization
2019-07-17 21:03:10,087:INFO:normalization
2019-07-17 21:03:10,088:INFO:normalization
2019-07-17 21:03:10,089:INFO:normalization
2019-07-17 21:03:10,089:INFO:normalization
2019-07-17 21:03:10,090:INFO:normalization
2019-07-17 21:03:10,091:INFO:normalization
2019-07-17 21:03:10,091:INFO:normalization
2019-07-17 21:03:10,092:INFO:normalization
2019-07-17 21:03:10,093:INFO:normalization
2019-07-17 21:03:10,094:INFO:normalization
2019-07-17 21:03:10,094:INFO:normalization
2019-07-17 21:03:10,095:INFO:normalization
2019-07-17 21:03:10,096:INFO:normalization
2019-07-17 21:03:10,096:INFO:normalization
2019-07-17 21:03:10,097:INFO:normalization
2019-07-17 21:03:10,098:INFO:normalization
2019-07-17 21:03:10,098:INFO:normalization
2019-07-17 21:03:10,099:INFO:normalization
2019-07-17 21:03:10,100:INFO:normalization
2019-07-17 21:03:10,101:INFO:normalization
2019-07-17 21:03:10,101:INFO:normalization
2019-07-17 21:03:10,102:INFO:normalization
2019-07-17 21:03:10,103:INFO:normalization
2019-07-17 21:03:10,103:INFO:normalization
2019-07-17 21:03:10,104:INFO:normalization
2019-07-17 21:03:10,105:INFO:normalization
2019-07-17 21:03:10,105:INFO:normalization
2019-07-17 21:03:10,252:INFO:Transforming raw data
2019-07-17 21:03:10,253:INFO:data num is 29
2019-07-17 21:03:10,253:INFO:data shape x_0: (18715, 300)
2019-07-17 21:03:10,253:INFO:data shape x_1: (18715, 300)
2019-07-17 21:03:10,253:INFO:data shape x_2: (18715, 300)
2019-07-17 21:03:10,253:INFO:data shape x_3: (18715, 300)
2019-07-17 21:03:10,253:INFO:data shape x_4: (18715, 300)
2019-07-17 21:03:10,253:INFO:data shape x_5: (18715, 300)
2019-07-17 21:03:10,253:INFO:data shape x_6: (18715, 300)
2019-07-17 21:03:10,253:INFO:data shape x_7: (18715, 300)
2019-07-17 21:03:10,253:INFO:data shape x_8: (18715, 300)
2019-07-17 21:03:10,253:INFO:data shape x_9: (18715, 300)
2019-07-17 21:03:10,253:INFO:data shape x_10: (18715, 300)
2019-07-17 21:03:10,253:INFO:data shape x_11: (18715, 300)
2019-07-17 21:03:10,253:INFO:data shape x_12: (18715, 300)
2019-07-17 21:03:10,253:INFO:data shape x_13: (18715, 300)
2019-07-17 21:03:10,253:INFO:data shape x_14: (18715, 300)
2019-07-17 21:03:10,253:INFO:data shape x_15: (18715, 300)
2019-07-17 21:03:10,253:INFO:data shape x_16: (18715, 300)
2019-07-17 21:03:10,253:INFO:data shape x_17: (18715, 300)
2019-07-17 21:03:10,253:INFO:data shape x_18: (18715, 300)
2019-07-17 21:03:10,253:INFO:data shape x_19: (18715, 300)
2019-07-17 21:03:10,253:INFO:data shape x_20: (18715, 300)
2019-07-17 21:03:10,253:INFO:data shape x_21: (18715, 300)
2019-07-17 21:03:10,253:INFO:data shape x_22: (18715, 300)
2019-07-17 21:03:10,253:INFO:data shape x_23: (18715, 300)
2019-07-17 21:03:10,253:INFO:data shape x_24: (18715, 300)
2019-07-17 21:03:10,253:INFO:data shape x_25: (18715, 300)
2019-07-17 21:03:10,253:INFO:data shape x_26: (18715, 300)
2019-07-17 21:03:10,253:INFO:data shape x_27: (18715, 300)
2019-07-17 21:03:10,253:INFO:data shape x_28: (18715, 300)
2019-07-17 21:03:10,253:INFO:normalizing
2019-07-17 21:03:11,230:INFO:transform matrices by GCCA
2019-07-17 21:03:11,384:INFO:Saving transformed subjects to /mnt/ssd3/ronan/data/gcca
2019-07-18 08:02:03,527:INFO:NEW GCCA RUN
2019-07-18 08:02:03,527:INFO:Task: restingstate, Level: e
2019-07-18 08:02:29,111:INFO:Fitting GCCA, reduced dimension: 6
2019-07-18 08:02:29,112:INFO:data num is 29
2019-07-18 08:02:29,113:INFO:data shape x_0: (18715, 300)
2019-07-18 08:02:29,113:INFO:data shape x_1: (18715, 300)
2019-07-18 08:02:29,113:INFO:data shape x_2: (18715, 300)
2019-07-18 08:02:29,113:INFO:data shape x_3: (18715, 300)
2019-07-18 08:02:29,113:INFO:data shape x_4: (18715, 300)
2019-07-18 08:02:29,113:INFO:data shape x_5: (18715, 300)
2019-07-18 08:02:29,113:INFO:data shape x_6: (18715, 300)
2019-07-18 08:02:29,113:INFO:data shape x_7: (18715, 300)
2019-07-18 08:02:29,113:INFO:data shape x_8: (18715, 300)
2019-07-18 08:02:29,113:INFO:data shape x_9: (18715, 300)
2019-07-18 08:02:29,113:INFO:data shape x_10: (18715, 300)
2019-07-18 08:02:29,113:INFO:data shape x_11: (18715, 300)
2019-07-18 08:02:29,113:INFO:data shape x_12: (18715, 300)
2019-07-18 08:02:29,113:INFO:data shape x_13: (18715, 300)
2019-07-18 08:02:29,113:INFO:data shape x_14: (18715, 300)
2019-07-18 08:02:29,113:INFO:data shape x_15: (18715, 300)
2019-07-18 08:02:29,113:INFO:data shape x_16: (18715, 300)
2019-07-18 08:02:29,113:INFO:data shape x_17: (18715, 300)
2019-07-18 08:02:29,113:INFO:data shape x_18: (18715, 300)
2019-07-18 08:02:29,113:INFO:data shape x_19: (18715, 300)
2019-07-18 08:02:29,113:INFO:data shape x_20: (18715, 300)
2019-07-18 08:02:29,113:INFO:data shape x_21: (18715, 300)
2019-07-18 08:02:29,113:INFO:data shape x_22: (18715, 300)
2019-07-18 08:02:29,113:INFO:data shape x_23: (18715, 300)
2019-07-18 08:02:29,113:INFO:data shape x_24: (18715, 300)
2019-07-18 08:02:29,113:INFO:data shape x_25: (18715, 300)
2019-07-18 08:02:29,113:INFO:data shape x_26: (18715, 300)
2019-07-18 08:02:29,113:INFO:data shape x_27: (18715, 300)
2019-07-18 08:02:29,113:INFO:data shape x_28: (18715, 300)
2019-07-18 08:02:29,113:INFO:normalizing
2019-07-18 08:02:29,824:INFO:calc variance & covariance matrix
2019-07-18 08:02:34,915:INFO:adding regularization term
2019-07-18 08:02:34,932:INFO:calculating generalized eigenvalue problem ( A*u = (lambda)*B*u )
2019-07-18 08:02:36,565:INFO:solving
2019-07-18 08:02:36,565:INFO:calculating eigen dimension
2019-07-18 08:06:06,643:INFO:NEW GCCA RUN
2019-07-18 08:06:06,643:INFO:Task: restingstate, Level: e
2019-07-18 08:06:32,434:INFO:Fitting GCCA, reduced dimension: 6
2019-07-18 08:06:32,434:INFO:data num is 29
2019-07-18 08:06:32,435:INFO:data shape x_0: (18715, 300)
2019-07-18 08:06:32,435:INFO:data shape x_1: (18715, 300)
2019-07-18 08:06:32,435:INFO:data shape x_2: (18715, 300)
2019-07-18 08:06:32,435:INFO:data shape x_3: (18715, 300)
2019-07-18 08:06:32,435:INFO:data shape x_4: (18715, 300)
2019-07-18 08:06:32,435:INFO:data shape x_5: (18715, 300)
2019-07-18 08:06:32,435:INFO:data shape x_6: (18715, 300)
2019-07-18 08:06:32,435:INFO:data shape x_7: (18715, 300)
2019-07-18 08:06:32,435:INFO:data shape x_8: (18715, 300)
2019-07-18 08:06:32,435:INFO:data shape x_9: (18715, 300)
2019-07-18 08:06:32,435:INFO:data shape x_10: (18715, 300)
2019-07-18 08:06:32,435:INFO:data shape x_11: (18715, 300)
2019-07-18 08:06:32,435:INFO:data shape x_12: (18715, 300)
2019-07-18 08:06:32,435:INFO:data shape x_13: (18715, 300)
2019-07-18 08:06:32,435:INFO:data shape x_14: (18715, 300)
2019-07-18 08:06:32,435:INFO:data shape x_15: (18715, 300)
2019-07-18 08:06:32,435:INFO:data shape x_16: (18715, 300)
2019-07-18 08:06:32,435:INFO:data shape x_17: (18715, 300)
2019-07-18 08:06:32,435:INFO:data shape x_18: (18715, 300)
2019-07-18 08:06:32,435:INFO:data shape x_19: (18715, 300)
2019-07-18 08:06:32,435:INFO:data shape x_20: (18715, 300)
2019-07-18 08:06:32,435:INFO:data shape x_21: (18715, 300)
2019-07-18 08:06:32,436:INFO:data shape x_22: (18715, 300)
2019-07-18 08:06:32,436:INFO:data shape x_23: (18715, 300)
2019-07-18 08:06:32,436:INFO:data shape x_24: (18715, 300)
2019-07-18 08:06:32,436:INFO:data shape x_25: (18715, 300)
2019-07-18 08:06:32,436:INFO:data shape x_26: (18715, 300)
2019-07-18 08:06:32,436:INFO:data shape x_27: (18715, 300)
2019-07-18 08:06:32,436:INFO:data shape x_28: (18715, 300)
2019-07-18 08:06:32,436:INFO:normalizing
2019-07-18 08:06:33,144:INFO:calc variance & covariance matrix
2019-07-18 08:06:38,169:INFO:adding regularization term
2019-07-18 08:06:38,181:INFO:calculating generalized eigenvalue problem ( A*u = (lambda)*B*u )
2019-07-18 08:06:39,559:INFO:solving
2019-07-18 08:06:39,559:INFO:calculating eigen dimension
2019-07-18 08:10:44,964:INFO:calculating eigenvalues & eigenvector
2019-07-18 11:37:33,185:INFO:sorting eigenvalues & eigenvector
2019-07-18 11:37:33,815:INFO:normalization
2019-07-18 11:37:33,816:INFO:normalization
2019-07-18 11:37:33,817:INFO:normalization
2019-07-18 11:37:33,818:INFO:normalization
2019-07-18 11:37:33,819:INFO:normalization
2019-07-18 11:37:33,819:INFO:normalization
2019-07-18 11:37:33,820:INFO:normalization
2019-07-18 11:37:33,821:INFO:normalization
2019-07-18 11:37:33,822:INFO:normalization
2019-07-18 11:37:33,822:INFO:normalization
2019-07-18 11:37:33,823:INFO:normalization
2019-07-18 11:37:33,824:INFO:normalization
2019-07-18 11:37:33,824:INFO:normalization
2019-07-18 11:37:33,825:INFO:normalization
2019-07-18 11:37:33,826:INFO:normalization
2019-07-18 11:37:33,827:INFO:normalization
2019-07-18 11:37:33,827:INFO:normalization
2019-07-18 11:37:33,828:INFO:normalization
2019-07-18 11:37:33,829:INFO:normalization
2019-07-18 11:37:33,829:INFO:normalization
2019-07-18 11:37:33,830:INFO:normalization
2019-07-18 11:37:33,831:INFO:normalization
2019-07-18 11:37:33,832:INFO:normalization
2019-07-18 11:37:33,832:INFO:normalization
2019-07-18 11:37:33,833:INFO:normalization
2019-07-18 11:37:33,834:INFO:normalization
2019-07-18 11:37:33,834:INFO:normalization
2019-07-18 11:37:33,835:INFO:normalization
2019-07-18 11:37:33,836:INFO:normalization
2019-07-18 11:37:33,950:INFO:Transforming raw data
2019-07-18 11:37:33,950:INFO:data num is 29
2019-07-18 11:37:33,950:INFO:data shape x_0: (18715, 300)
2019-07-18 11:37:33,950:INFO:data shape x_1: (18715, 300)
2019-07-18 11:37:33,950:INFO:data shape x_2: (18715, 300)
2019-07-18 11:37:33,950:INFO:data shape x_3: (18715, 300)
2019-07-18 11:37:33,950:INFO:data shape x_4: (18715, 300)
2019-07-18 11:37:33,950:INFO:data shape x_5: (18715, 300)
2019-07-18 11:37:33,950:INFO:data shape x_6: (18715, 300)
2019-07-18 11:37:33,950:INFO:data shape x_7: (18715, 300)
2019-07-18 11:37:33,950:INFO:data shape x_8: (18715, 300)
2019-07-18 11:37:33,950:INFO:data shape x_9: (18715, 300)
2019-07-18 11:37:33,950:INFO:data shape x_10: (18715, 300)
2019-07-18 11:37:33,950:INFO:data shape x_11: (18715, 300)
2019-07-18 11:37:33,950:INFO:data shape x_12: (18715, 300)
2019-07-18 11:37:33,950:INFO:data shape x_13: (18715, 300)
2019-07-18 11:37:33,950:INFO:data shape x_14: (18715, 300)
2019-07-18 11:37:33,950:INFO:data shape x_15: (18715, 300)
2019-07-18 11:37:33,951:INFO:data shape x_16: (18715, 300)
2019-07-18 11:37:33,951:INFO:data shape x_17: (18715, 300)
2019-07-18 11:37:33,951:INFO:data shape x_18: (18715, 300)
2019-07-18 11:37:33,951:INFO:data shape x_19: (18715, 300)
2019-07-18 11:37:33,951:INFO:data shape x_20: (18715, 300)
2019-07-18 11:37:33,951:INFO:data shape x_21: (18715, 300)
2019-07-18 11:37:33,951:INFO:data shape x_22: (18715, 300)
2019-07-18 11:37:33,951:INFO:data shape x_23: (18715, 300)
2019-07-18 11:37:33,951:INFO:data shape x_24: (18715, 300)
2019-07-18 11:37:33,951:INFO:data shape x_25: (18715, 300)
2019-07-18 11:37:33,951:INFO:data shape x_26: (18715, 300)
2019-07-18 11:37:33,951:INFO:data shape x_27: (18715, 300)
2019-07-18 11:37:33,951:INFO:data shape x_28: (18715, 300)
2019-07-18 11:37:33,951:INFO:normalizing
2019-07-18 11:37:34,866:INFO:transform matrices by GCCA
2019-07-18 11:37:34,995:INFO:Saving to model to /mnt/ssd3/ronan/data/models/e_ses-1_task-restingstate_gcca-model.h5
2019-07-18 11:37:34,996:INFO:saving to /mnt/ssd3/ronan/data/models/e_ses-1_task-restingstate_gcca-model.h5
2019-07-18 11:37:35,682:INFO:Saving transformed subjects to /mnt/ssd3/ronan/data/gcca
2019-07-18 11:37:35,711:INFO:Task: restingstate, Level: n
2019-07-18 11:38:17,132:INFO:Fitting GCCA, reduced dimension: 6
2019-07-18 11:38:17,132:INFO:data num is 47
2019-07-18 11:38:17,132:INFO:data shape x_0: (18715, 300)
2019-07-18 11:38:17,132:INFO:data shape x_1: (18715, 300)
2019-07-18 11:38:17,132:INFO:data shape x_2: (18715, 300)
2019-07-18 11:38:17,132:INFO:data shape x_3: (18715, 300)
2019-07-18 11:38:17,132:INFO:data shape x_4: (18715, 300)
2019-07-18 11:38:17,132:INFO:data shape x_5: (18715, 300)
2019-07-18 11:38:17,132:INFO:data shape x_6: (18715, 300)
2019-07-18 11:38:17,132:INFO:data shape x_7: (18715, 300)
2019-07-18 11:38:17,132:INFO:data shape x_8: (18715, 300)
2019-07-18 11:38:17,132:INFO:data shape x_9: (18715, 300)
2019-07-18 11:38:17,132:INFO:data shape x_10: (18715, 300)
2019-07-18 11:38:17,132:INFO:data shape x_11: (18715, 300)
2019-07-18 11:38:17,132:INFO:data shape x_12: (18715, 300)
2019-07-18 11:38:17,132:INFO:data shape x_13: (18715, 300)
2019-07-18 11:38:17,132:INFO:data shape x_14: (18715, 300)
2019-07-18 11:38:17,132:INFO:data shape x_15: (18715, 300)
2019-07-18 11:38:17,132:INFO:data shape x_16: (18715, 300)
2019-07-18 11:38:17,132:INFO:data shape x_17: (18715, 300)
2019-07-18 11:38:17,132:INFO:data shape x_18: (18715, 300)
2019-07-18 11:38:17,132:INFO:data shape x_19: (18715, 300)
2019-07-18 11:38:17,132:INFO:data shape x_20: (18715, 300)
2019-07-18 11:38:17,132:INFO:data shape x_21: (18715, 300)
2019-07-18 11:38:17,132:INFO:data shape x_22: (18715, 300)
2019-07-18 11:38:17,132:INFO:data shape x_23: (18715, 300)
2019-07-18 11:38:17,133:INFO:data shape x_24: (18715, 300)
2019-07-18 11:38:17,133:INFO:data shape x_25: (18715, 300)
2019-07-18 11:38:17,133:INFO:data shape x_26: (18715, 300)
2019-07-18 11:38:17,133:INFO:data shape x_27: (18715, 200)
2019-07-18 11:38:17,133:INFO:data shape x_28: (18715, 300)
2019-07-18 11:38:17,133:INFO:data shape x_29: (18715, 300)
2019-07-18 11:38:17,133:INFO:data shape x_30: (18715, 300)
2019-07-18 11:38:17,133:INFO:data shape x_31: (18715, 300)
2019-07-18 11:38:17,133:INFO:data shape x_32: (18715, 300)
2019-07-18 11:38:17,133:INFO:data shape x_33: (18715, 200)
2019-07-18 11:38:17,133:INFO:data shape x_34: (18715, 300)
2019-07-18 11:38:17,133:INFO:data shape x_35: (18715, 300)
2019-07-18 11:38:17,133:INFO:data shape x_36: (18715, 300)
2019-07-18 11:38:17,133:INFO:data shape x_37: (18715, 300)
2019-07-18 11:38:17,133:INFO:data shape x_38: (18715, 291)
2019-07-18 11:38:17,133:INFO:data shape x_39: (18715, 300)
2019-07-18 11:38:17,133:INFO:data shape x_40: (18715, 300)
2019-07-18 11:38:17,133:INFO:data shape x_41: (18715, 300)
2019-07-18 11:38:17,133:INFO:data shape x_42: (18715, 300)
2019-07-18 11:38:17,133:INFO:data shape x_43: (18715, 300)
2019-07-18 11:38:17,133:INFO:data shape x_44: (18715, 200)
2019-07-18 11:38:17,133:INFO:data shape x_45: (18715, 300)
2019-07-18 11:38:17,133:INFO:data shape x_46: (18715, 300)
2019-07-18 11:38:17,133:INFO:normalizing
2019-07-18 11:38:18,258:INFO:calc variance & covariance matrix
2019-07-18 11:38:29,286:INFO:adding regularization term
2019-07-18 11:38:29,304:INFO:calculating generalized eigenvalue problem ( A*u = (lambda)*B*u )
2019-07-18 11:38:32,998:INFO:solving
2019-07-18 11:38:32,998:INFO:calculating eigen dimension
2019-07-18 11:54:52,013:INFO:calculating eigenvalues & eigenvector
2019-07-18 14:04:11,163:INFO:NEW GCCA RUN
2019-07-18 14:04:11,164:INFO:Task: restingstate, Level: e
2019-07-18 14:04:36,697:INFO:Performing GCCA
2019-07-18 14:09:22,998:INFO:NEW GCCA RUN
2019-07-18 14:09:22,998:INFO:Task: restingstate, Level: e
2019-07-18 14:09:48,496:INFO:Performing GCCA
2019-07-18 14:10:23,699:INFO:Saving reduce correlations to /mnt/ssd3/ronan/data/gcca
2019-07-18 14:11:43,956:INFO:NEW GCCA RUN
2019-07-18 14:11:43,956:INFO:Task: restingstate, Level: e
2019-07-18 14:12:09,727:INFO:Performing GCCA
2019-07-18 14:12:47,499:INFO:Saving reduce correlations to /mnt/ssd3/ronan/data/gcca
2019-07-18 14:12:47,550:INFO:Task: restingstate, Level: n
2019-07-18 14:13:27,627:INFO:Performing GCCA
2019-07-18 14:14:22,854:INFO:Saving reduce correlations to /mnt/ssd3/ronan/data/gcca
2019-07-18 14:14:22,905:INFO:Task: openmonitoring, Level: e
2019-07-18 14:14:48,035:INFO:Performing GCCA
2019-07-18 14:15:23,340:INFO:Saving reduce correlations to /mnt/ssd3/ronan/data/gcca
2019-07-18 14:15:23,380:INFO:Task: openmonitoring, Level: n
2019-07-18 14:16:03,000:INFO:Performing GCCA
2019-07-18 14:16:53,798:INFO:Saving reduce correlations to /mnt/ssd3/ronan/data/gcca
2019-07-18 14:16:53,849:INFO:Task: compassion, Level: e
2019-07-18 14:17:19,403:INFO:Performing GCCA
2019-07-18 14:17:53,006:INFO:Saving reduce correlations to /mnt/ssd3/ronan/data/gcca
2019-07-18 14:17:53,046:INFO:Task: compassion, Level: n
2019-07-18 14:18:33,280:INFO:Performing GCCA
2019-07-18 14:19:30,399:INFO:Saving reduce correlations to /mnt/ssd3/ronan/data/gcca
2019-07-23 14:06:17,713:INFO:NEW GCCA RUN
2019-07-23 14:09:40,540:INFO:Performing GCCA
2019-07-23 14:14:15,964:INFO:Saving reduce correlations to /mnt/ssd3/ronan/data/gcca
2019-07-23 14:49:31,425:INFO:NEW GCCA RUN
2019-07-23 14:52:52,261:INFO:Performing GCCA
2019-07-23 14:57:16,325:INFO:Saving reduce correlations to /mnt/ssd3/ronan/data/gcca
2019-07-23 15:00:04,324:INFO:NEW GCCA RUN
2019-07-23 15:01:30,613:INFO:NEW GCCA RUN
2019-07-23 15:01:32,417:INFO:Performing GCCA
2019-07-23 15:01:35,119:INFO:Saving reduce correlations to /mnt/ssd3/ronan/data/gcca
2019-07-23 15:02:30,312:INFO:NEW GCCA RUN
2019-07-23 15:05:48,262:INFO:Performing GCCA
2019-07-23 15:10:13,476:INFO:Saving reduce correlations to /mnt/ssd3/ronan/data/gcca
2019-07-28 12:54:35,736:INFO:NEW GCCA RUN
2019-07-28 12:57:54,572:INFO:Performing GCCA
2019-07-28 13:04:25,424:INFO:NEW GCCA RUN
2019-07-28 13:07:48,563:INFO:Performing GCCA
2019-07-28 13:12:39,075:INFO:Saving reduce correlations to /mnt/ssd3/ronan/data/gcca
2019-07-29 11:57:02,248:INFO:NEW GCCA RUN
2019-07-29 12:00:30,890:INFO:Performing GCCA
2019-07-29 12:07:31,185:INFO:Saving reduce correlations to /mnt/ssd3/ronan/data/gcca
2019-07-31 17:06:00,103:INFO:NEW GCCA RUN
2019-07-31 17:09:21,047:INFO:Performing GCCA
2019-07-31 17:19:42,983:INFO:Calculated ranks:
2019-07-31 17:19:42,984:INFO:[273, 251, 280, 261, 278, 267, 272, 266, 270, 268, 270, 282, 279, 267, 274, 272, 299, 272, 274, 299, 299, 299, 265, 268, 270, 299, 269, 277, 278, 270, 275, 271, 268, 265, 268, 271, 276, 268, 270, 275, 299, 279, 269, 250, 270, 269, 279, 273, 272, 277, 271, 261, 271, 299, 299, 270, 181, 252, 269, 269, 271, 276, 275, 279, 276, 263, 299, 279, 298, 272, 293, 277, 270, 272, 274, 263, 274, 265, 276, 272, 269, 272, 299, 279, 274, 299, 270, 251, 274, 181, 275, 299, 299, 299, 299, 271, 267, 274, 273, 280, 283, 176, 274, 299, 177, 279, 268, 269, 299, 276, 255, 268, 299, 273, 279, 269, 270, 270, 271, 264, 267, 267, 276, 275, 299, 267, 273, 278, 299, 291, 263, 260, 274, 299, 255, 264, 265, 297, 275, 276, 299, 274, 182, 268, 268, 271, 273, 262, 271, 271, 272, 185, 299, 299, 274, 284, 269, 275, 271, 266, 275, 269, 294, 277, 299, 265, 299, 274, 299, 299, 269, 270, 268, 270, 270, 299, 275, 199, 265, 269, 256, 273, 272, 271, 299, 276, 269, 270, 268, 272, 299, 268, 299, 271, 266, 270, 270, 272, 268, 267, 273, 268, 299, 276, 288, 299, 269, 277, 277, 264, 270, 175, 273, 264, 273, 275, 278, 199, 299, 271, 299, 273, 246, 275, 267, 280, 274, 272]
2019-07-31 17:19:42,984:INFO:Saving reduce correlations to /mnt/ssd3/ronan/data/gcca
2019-07-31 17:30:39,988:INFO:NEW GCCA RUN
2019-07-31 17:34:05,479:INFO:Performing GCCA
2019-07-31 17:43:38,765:INFO:Calculated ranks:
2019-07-31 17:43:38,765:INFO:[273, 251, 280, 261, 278, 267, 272, 266, 270, 268, 270, 282, 279, 267, 274, 272, 268, 272, 274, 269, 266, 273, 265, 268, 270, 272, 269, 277, 278, 270, 275, 271, 268, 265, 268, 271, 276, 268, 270, 275, 277, 279, 269, 250, 270, 269, 279, 273, 272, 277, 271, 261, 271, 274, 267, 270, 181, 252, 269, 269, 271, 276, 275, 279, 276, 263, 273, 279, 280, 272, 270, 277, 270, 272, 274, 263, 274, 265, 276, 272, 269, 272, 274, 279, 274, 275, 270, 251, 274, 181, 275, 279, 265, 272, 273, 271, 267, 274, 273, 280, 283, 176, 274, 267, 177, 279, 268, 269, 273, 276, 255, 268, 266, 273, 279, 269, 270, 270, 271, 264, 267, 267, 276, 275, 278, 267, 273, 278, 268, 270, 263, 260, 274, 279, 255, 264, 265, 281, 275, 276, 278, 274, 182, 268, 268, 271, 273, 262, 271, 271, 272, 185, 274, 272, 274, 284, 269, 275, 271, 266, 275, 269, 280, 277, 275, 265, 279, 274, 272, 272, 269, 270, 268, 270, 270, 277, 275, 185, 265, 269, 256, 273, 272, 271, 264, 276, 269, 270, 268, 272, 276, 268, 275, 271, 266, 270, 270, 272, 268, 267, 273, 268, 271, 276, 270, 277, 269, 277, 277, 264, 270, 175, 273, 264, 273, 275, 278, 175, 272, 271, 277, 273, 246, 275, 267, 280, 274, 272]
2019-07-31 17:43:38,766:INFO:Saving reduce correlations to /mnt/ssd3/ronan/data/gcca
2019-08-05 12:15:35,383:INFO:NEW GCCA RUN
2019-08-05 12:18:54,629:INFO:Performing GCCA
2019-08-05 12:20:37,077:INFO:NEW GCCA RUN
2019-08-05 12:23:52,222:INFO:Performing GCCA
2019-08-05 12:28:41,338:INFO:Calculated ranks:
2019-08-05 12:28:41,338:INFO:[6, 5, 8, 2, 7, 5, 6, 6, 7, 6, 6, 8, 8, 6, 7, 5, 5, 6, 4, 5, 5, 5, 5, 4, 7, 6, 5, 4, 7, 6, 6, 7, 6, 5, 6, 6, 8, 7, 5, 6, 8, 7, 7, 5, 6, 5, 10, 6, 7, 7, 6, 7, 4, 7, 6, 6, 4, 5, 6, 8, 6, 8, 6, 7, 7, 6, 6, 5, 6, 5, 8, 9, 6, 5, 8, 7, 7, 6, 6, 5, 7, 7, 5, 6, 5, 7, 4, 7, 7, 3, 6, 5, 5, 6, 6, 5, 4, 7, 7, 6, 7, 5, 8, 6, 5, 6, 6, 5, 4, 6, 6, 7, 5, 4, 6, 7, 5, 5, 6, 5, 4, 6, 6, 7, 6, 6, 6, 7, 5, 7, 6, 5, 7, 6, 3, 6, 6, 6, 7, 6, 8, 4, 6, 5, 5, 7, 6, 7, 4, 6, 8, 5, 7, 5, 5, 8, 6, 6, 7, 6, 7, 7, 7, 6, 5, 5, 7, 6, 6, 7, 6, 5, 6, 6, 5, 7, 6, 5, 6, 6, 3, 5, 6, 6, 6, 5, 6, 6, 7, 6, 5, 4, 6, 6, 5, 6, 7, 5, 6, 5, 6, 7, 7, 7, 7, 6, 5, 7, 5, 5, 7, 5, 8, 5, 7, 9, 8, 4, 6, 7, 7, 4, 1, 5, 6, 8, 7, 7]
2019-08-05 12:28:41,338:INFO:Saving reduce correlations to /mnt/ssd3/ronan/data/gcca
2019-08-05 12:39:23,543:INFO:NEW GCCA RUN
2019-08-05 12:42:39,968:INFO:Performing GCCA
2019-08-05 12:47:31,392:INFO:Calculated ranks:
2019-08-05 12:47:31,392:INFO:[7, 7, 9, 3, 8, 7, 8, 8, 10, 7, 8, 11, 12, 8, 9, 7, 7, 9, 6, 6, 9, 7, 8, 4, 10, 7, 8, 8, 10, 10, 8, 8, 8, 8, 8, 8, 11, 9, 5, 10, 10, 8, 9, 7, 10, 7, 11, 10, 9, 10, 8, 9, 6, 10, 8, 9, 6, 7, 8, 10, 8, 10, 9, 9, 11, 7, 8, 8, 7, 7, 10, 10, 8, 8, 10, 9, 10, 7, 9, 8, 9, 9, 5, 8, 7, 8, 4, 8, 10, 7, 8, 8, 7, 9, 9, 7, 5, 11, 10, 8, 9, 7, 11, 8, 7, 8, 7, 7, 6, 9, 7, 9, 8, 7, 8, 9, 8, 7, 9, 7, 6, 9, 8, 9, 7, 8, 10, 10, 8, 10, 8, 6, 9, 9, 6, 10, 9, 7, 9, 8, 11, 7, 9, 9, 6, 10, 8, 9, 7, 9, 12, 9, 9, 7, 5, 9, 8, 9, 8, 8, 9, 10, 11, 9, 8, 7, 9, 6, 7, 9, 8, 6, 10, 9, 7, 9, 9, 7, 8, 8, 4, 7, 8, 8, 8, 7, 8, 7, 10, 9, 6, 4, 7, 9, 6, 8, 11, 7, 8, 7, 9, 10, 8, 10, 8, 8, 7, 9, 7, 7, 9, 8, 10, 7, 10, 11, 11, 7, 8, 10, 11, 8, 4, 8, 8, 10, 10, 10]
2019-08-05 12:47:31,392:INFO:Saving reduce correlations to /mnt/ssd3/ronan/data/gcca
2019-08-05 13:47:30,726:INFO:NEW GCCA RUN
2019-08-05 13:50:53,846:INFO:Performing GCCA
2019-08-05 14:00:12,526:INFO:Calculated ranks:
2019-08-05 14:00:12,527:INFO:[273, 251, 280, 261, 278, 267, 272, 266, 270, 268, 270, 282, 279, 267, 274, 272, 268, 272, 274, 269, 266, 273, 265, 268, 270, 272, 269, 277, 278, 270, 275, 271, 268, 265, 268, 271, 276, 268, 270, 275, 277, 279, 269, 250, 270, 269, 279, 273, 272, 277, 271, 261, 271, 274, 267, 270, 181, 252, 269, 269, 271, 276, 275, 279, 276, 263, 273, 279, 280, 272, 270, 277, 270, 272, 274, 263, 274, 265, 276, 272, 269, 272, 274, 279, 274, 275, 270, 251, 274, 181, 275, 279, 265, 272, 273, 271, 267, 274, 273, 280, 283, 176, 274, 267, 177, 279, 268, 269, 273, 276, 255, 268, 266, 273, 279, 269, 270, 270, 271, 264, 267, 267, 276, 275, 278, 267, 273, 278, 268, 270, 263, 260, 274, 279, 255, 264, 265, 281, 275, 276, 278, 274, 182, 268, 268, 271, 273, 262, 271, 271, 272, 185, 274, 272, 274, 284, 269, 275, 271, 266, 275, 269, 280, 277, 275, 265, 279, 274, 272, 272, 269, 270, 268, 270, 270, 277, 275, 185, 265, 269, 256, 273, 272, 271, 264, 276, 269, 270, 268, 272, 276, 268, 275, 271, 266, 270, 270, 272, 268, 267, 273, 268, 271, 276, 270, 277, 269, 277, 277, 264, 270, 175, 273, 264, 273, 275, 278, 175, 272, 271, 277, 273, 246, 275, 267, 280, 274, 272]
2019-08-05 14:00:12,527:INFO:Saving reduce correlations to /mnt/ssd3/ronan/data/gcca
2019-08-07 16:44:55,933:INFO:NEW GCCA RUN
2019-08-07 16:44:55,934:INFO:Pulling data from (PosixPath('/mnt/ssd3/ronan/data/decimate'),)
2019-08-07 16:45:07,907:INFO:NEW GCCA RUN
2019-08-07 16:45:07,907:INFO:Pulling data from (PosixPath('/mnt/ssd3/ronan/data/decimate'),)
2019-08-07 16:45:24,216:INFO:NEW GCCA RUN
2019-08-07 16:45:24,216:INFO:Pulling data from (PosixPath('/mnt/ssd3/ronan/data/decimate'),)
2019-08-07 16:45:36,934:INFO:NEW GCCA RUN
2019-08-07 16:45:36,934:INFO:Pulling data from (PosixPath('/mnt/ssd3/ronan/data/decimate'),)
2019-08-07 16:46:01,807:INFO:NEW GCCA RUN
2019-08-07 16:46:01,807:INFO:Pulling data from (PosixPath('/mnt/ssd3/ronan/data/decimate'),)
2019-08-07 16:47:40,879:INFO:NEW GCCA RUN
2019-08-07 16:47:40,879:INFO:Pulling data from (PosixPath('/mnt/ssd3/ronan/data/decimate'),)
2019-08-07 16:48:53,538:INFO:NEW GCCA RUN
2019-08-07 16:48:53,538:INFO:Pulling data from (PosixPath('/mnt/ssd3/ronan/data/decimate'),)
2019-08-07 16:49:51,653:INFO:NEW GCCA RUN
2019-08-07 16:49:51,653:INFO:Pulling data from (PosixPath('/mnt/ssd3/ronan/data/decimate'),)
2019-08-07 16:50:42,281:INFO:NEW GCCA RUN
2019-08-07 16:50:42,281:INFO:Pulling data from (PosixPath('/mnt/ssd3/ronan/data/decimate'),)
2019-08-07 16:54:26,999:INFO:NEW GCCA RUN
2019-08-07 16:54:26,999:INFO:Pulling data from /mnt/ssd3/ronan/data/decimate
2019-08-07 16:54:32,612:INFO:Performing GCCA
2019-08-07 16:59:14,889:INFO:Calculated ranks:
2019-08-07 16:59:14,890:INFO:[8, 9, 6, 7, 12, 11, 8, 8, 9, 8, 10, 8, 8, 12, 9, 11, 6, 7, 7, 6, 7, 5, 9, 8, 10, 8, 7, 10, 8, 9, 8, 8, 7, 6, 8, 7, 7, 9, 7, 8, 9, 6, 9, 9, 8, 7, 7, 10, 9, 8, 9, 9, 7, 7, 9, 5, 7, 8, 8, 6, 7, 9, 8, 7, 10, 7, 9, 6, 10, 9, 8, 11, 8, 8, 4, 6, 8, 9, 9, 7, 7, 8, 9, 11, 7, 8, 7, 7, 10, 7, 10, 8, 7, 10, 9, 7, 9, 8, 5, 8, 9, 11, 9, 8, 10, 7, 11, 4, 7, 11, 9, 10, 10, 8, 7, 11, 4, 9, 7, 6, 9, 8, 9, 10, 8, 8, 9, 9, 5, 9, 5, 9, 8, 7, 10, 9, 7, 9, 7, 8, 4, 8, 11, 9, 8, 10, 8, 8, 6, 10, 8, 8, 7, 11, 6, 11, 3, 9, 8, 8, 7, 10, 10, 8, 9, 9, 8, 9, 7, 10, 10, 9, 7, 8, 10, 9, 8, 8, 8, 7, 8, 9, 7, 11, 10, 7, 7, 9, 9, 8, 8, 8, 8, 10, 7, 9, 7, 7, 7, 9, 10, 10, 9, 8, 8, 7, 7, 10, 8, 10, 8, 9, 6, 7, 8, 6, 10, 9, 8, 10, 8, 9, 9, 7, 8, 10, 4, 9]
2019-08-07 16:59:14,890:INFO:Saving reduce correlations to /mnt/ssd3/ronan/data/gcca
2019-08-07 17:17:02,461:INFO:NEW GCCA RUN
2019-08-07 17:17:02,461:INFO:Pulling data from /mnt/ssd3/ronan/data/decimate
2019-08-07 17:17:08,211:INFO:Performing GCCA
2019-08-07 17:21:49,233:INFO:Calculated ranks:
2019-08-07 17:21:49,234:INFO:[8, 9, 6, 7, 12, 11, 8, 8, 9, 8, 10, 8, 8, 12, 9, 11, 6, 7, 7, 6, 7, 5, 9, 8, 10, 8, 7, 10, 8, 9, 8, 8, 7, 6, 8, 7, 7, 9, 7, 8, 9, 6, 9, 9, 8, 7, 7, 10, 9, 8, 9, 9, 7, 7, 9, 5, 7, 8, 8, 6, 7, 9, 8, 7, 10, 7, 9, 6, 10, 9, 8, 11, 8, 8, 4, 6, 8, 9, 9, 7, 7, 8, 9, 11, 7, 8, 7, 7, 10, 7, 10, 8, 7, 10, 9, 7, 9, 8, 5, 8, 9, 11, 9, 8, 10, 7, 11, 4, 7, 11, 9, 10, 10, 8, 7, 11, 4, 9, 7, 6, 9, 8, 9, 10, 8, 8, 9, 9, 5, 9, 5, 9, 8, 7, 10, 9, 7, 9, 7, 8, 4, 8, 11, 9, 8, 10, 8, 8, 6, 10, 8, 8, 7, 11, 6, 11, 3, 9, 8, 8, 7, 10, 10, 8, 9, 9, 8, 9, 7, 10, 10, 9, 7, 8, 10, 9, 8, 8, 8, 7, 8, 9, 7, 11, 10, 7, 7, 9, 9, 8, 8, 8, 8, 10, 7, 9, 7, 7, 7, 9, 10, 10, 9, 8, 8, 7, 7, 10, 8, 10, 8, 9, 6, 7, 8, 6, 10, 9, 8, 10, 8, 9, 9, 7, 8, 10, 4, 9]
2019-08-07 17:21:49,234:INFO:Saving reduce correlations to /mnt/ssd3/ronan/data/gcca_decimate_250
2019-08-13 11:27:46,724:INFO:NEW GCCA RUN
2019-08-13 11:27:46,724:INFO:Pulling data from /mnt/ssd3/ronan/data/raw
2019-08-13 11:31:04,044:INFO:Performing GCCA
2019-08-13 11:37:23,620:INFO:Calculated ranks:
2019-08-13 11:37:23,620:INFO:[87, 41, 141, 191, 95, 68, 85, 131, 63, 122, 150, 121, 62, 157, 115, 108, 131, 68, 144, 138, 122, 73, 96, 167, 134, 47, 156, 131, 94, 113, 143, 134, 125, 66, 130, 138, 106, 62, 175, 105, 64, 80, 109, 142, 103, 125, 70, 58, 101, 96, 161, 111, 189, 57, 124, 110, 67, 103, 146, 86, 93, 73, 112, 119, 96, 107, 103, 90, 74, 163, 52, 120, 101, 151, 60, 75, 89, 164, 77, 84, 110, 141, 128, 101, 141, 71, 113, 140, 61, 97, 86, 50, 100, 46, 63, 83, 187, 69, 99, 66, 86, 60, 90, 54, 62, 41, 147, 164, 99, 133, 144, 141, 77, 169, 138, 130, 111, 152, 102, 31, 52, 120, 58, 127, 47, 136, 138, 115, 38, 51, 56, 29, 99, 88, 87, 64, 53, 44, 101, 79, 50, 180, 59, 154, 173, 115, 67, 87, 92, 127, 111, 74, 75, 117, 167, 87, 71, 134, 135, 139, 151, 116, 49, 77, 72, 141, 82, 128, 80, 81, 95, 155, 68, 129, 170, 66, 114, 44, 42, 123, 28, 84, 88, 106, 118, 66, 104, 92, 122, 101, 124, 180, 90, 109, 110, 83, 117, 80, 103, 98, 99, 103, 76, 86, 52, 65, 100, 87, 74, 130, 119, 102, 67, 105, 113, 72, 118, 27, 47, 104, 59, 162, 193, 66, 157, 119, 135, 73]
2019-08-13 11:37:23,620:INFO:Saving reduce correlations to /mnt/ssd3/ronan/data/gcca10
2019-08-13 11:41:27,289:INFO:NEW GCCA RUN
2019-08-13 11:41:27,289:INFO:Pulling data from /mnt/ssd3/ronan/data/raw
2019-08-13 11:44:47,272:INFO:Performing GCCA
2019-08-13 11:50:49,687:INFO:Calculated ranks:
2019-08-13 11:50:49,687:INFO:[11, 11, 13, 19, 11, 11, 12, 9, 13, 9, 10, 16, 16, 9, 10, 10, 9, 13, 9, 7, 11, 11, 12, 12, 12, 11, 11, 11, 13, 15, 11, 9, 11, 12, 9, 9, 13, 11, 11, 13, 13, 11, 13, 8, 13, 10, 18, 15, 11, 16, 10, 11, 13, 15, 9, 11, 10, 9, 10, 14, 10, 14, 13, 13, 14, 10, 11, 11, 10, 13, 14, 15, 10, 10, 15, 14, 14, 12, 11, 11, 10, 15, 7, 12, 9, 12, 6, 9, 14, 11, 11, 10, 8, 11, 13, 10, 13, 16, 14, 12, 13, 11, 14, 10, 9, 11, 10, 10, 9, 12, 9, 10, 12, 11, 12, 10, 12, 9, 11, 9, 8, 13, 14, 11, 11, 9, 11, 14, 10, 13, 13, 9, 12, 13, 7, 13, 13, 11, 12, 11, 15, 12, 12, 11, 11, 14, 10, 14, 10, 13, 15, 12, 11, 9, 10, 15, 11, 12, 12, 11, 12, 14, 15, 11, 11, 9, 14, 8, 10, 10, 11, 7, 14, 12, 13, 13, 14, 11, 12, 9, 8, 8, 12, 11, 10, 12, 10, 11, 14, 13, 7, 14, 10, 13, 7, 12, 13, 10, 10, 8, 14, 12, 11, 12, 12, 11, 10, 12, 9, 8, 12, 11, 14, 10, 13, 15, 16, 9, 11, 14, 16, 10, 23, 12, 12, 15, 14, 14]
2019-08-13 11:50:49,687:INFO:Saving reduce correlations to /mnt/ssd3/ronan/data/gcca200
2019-08-13 11:59:18,545:INFO:NEW GCCA RUN
2019-08-13 11:59:18,545:INFO:Pulling data from /mnt/ssd3/ronan/data/raw
2019-08-13 12:02:33,098:INFO:Performing GCCA
2019-08-13 12:08:44,330:INFO:Calculated ranks:
2019-08-13 12:08:44,330:INFO:[11, 11, 13, 19, 11, 11, 12, 9, 13, 9, 10, 16, 16, 9, 10, 10, 9, 13, 9, 7, 11, 11, 12, 12, 12, 11, 11, 11, 13, 15, 11, 9, 11, 12, 9, 9, 13, 11, 11, 13, 13, 11, 13, 8, 13, 10, 18, 15, 11, 16, 10, 11, 13, 15, 9, 11, 10, 9, 10, 14, 10, 14, 13, 13, 14, 10, 11, 11, 10, 13, 14, 15, 10, 10, 15, 14, 14, 12, 11, 11, 10, 15, 7, 12, 9, 12, 6, 9, 14, 11, 11, 10, 8, 11, 13, 10, 13, 16, 14, 12, 13, 11, 14, 10, 9, 11, 10, 10, 9, 12, 9, 10, 12, 11, 12, 10, 12, 9, 11, 9, 8, 13, 14, 11, 11, 9, 11, 14, 10, 13, 13, 9, 12, 13, 7, 13, 13, 11, 12, 11, 15, 12, 12, 11, 11, 14, 10, 14, 10, 13, 15, 12, 11, 9, 10, 15, 11, 12, 12, 11, 12, 14, 15, 11, 11, 9, 14, 8, 10, 10, 11, 7, 14, 12, 13, 13, 14, 11, 12, 9, 8, 8, 12, 11, 10, 12, 10, 11, 14, 13, 7, 14, 10, 13, 7, 12, 13, 10, 10, 8, 14, 12, 11, 12, 12, 11, 10, 12, 9, 8, 12, 11, 14, 10, 13, 15, 16, 9, 11, 14, 16, 10, 23, 12, 12, 15, 14, 14]
2019-08-13 12:08:44,330:INFO:Saving reduce correlations to /mnt/ssd3/ronan/data/gcca200
2019-08-13 14:33:55,999:INFO:NEW GCCA RUN
2019-08-13 14:33:55,999:INFO:Pulling data from /mnt/ssd3/ronan/data/raw
2019-08-13 14:36:21,084:INFO:Performing GCCA
2019-08-13 14:42:28,635:INFO:Calculated ranks:
2019-08-13 14:42:28,636:INFO:[7, 7, 9, 3, 8, 7, 8, 8, 10, 7, 8, 11, 12, 8, 9, 7, 7, 9, 6, 6, 9, 7, 8, 4, 10, 7, 8, 8, 10, 10, 8, 8, 8, 8, 8, 8, 11, 9, 5, 10, 10, 8, 9, 7, 10, 7, 11, 10, 9, 10, 8, 9, 6, 10, 8, 9, 6, 7, 8, 10, 8, 10, 9, 9, 11, 7, 8, 8, 7, 7, 10, 10, 8, 8, 10, 9, 10, 7, 9, 8, 9, 9, 5, 8, 7, 8, 4, 8, 10, 7, 8, 8, 7, 9, 9, 7, 5, 11, 10, 8, 9, 7, 11, 8, 7, 8, 7, 7, 6, 9, 7, 9, 8, 7, 8, 9, 8, 7, 9, 7, 6, 9, 8, 9, 7, 8, 10, 10, 8, 10, 8, 6, 9, 9, 6, 10, 9, 7, 9, 8, 11, 7, 9, 9, 6, 10, 8, 9, 7, 9, 12, 9, 9, 7, 5, 9, 8, 9, 8, 8, 9, 10, 11, 9, 8, 7, 9, 6, 7, 9, 8, 6, 10, 9, 7, 9, 9, 7, 8, 8, 4, 7, 8, 8, 8, 7, 8, 7, 10, 9, 6, 4, 7, 9, 6, 8, 11, 7, 8, 7, 9, 10, 8, 10, 8, 8, 7, 9, 7, 7, 9, 8, 10, 7, 10, 11, 11, 7, 8, 10, 11, 8, 4, 8, 8, 10, 10, 10]
2019-08-13 14:42:28,636:INFO:Saving reduce correlations to /mnt/ssd3/ronan/data/gcca250
2019-08-13 14:43:04,481:INFO:NEW GCCA RUN
2019-08-13 14:43:04,481:INFO:Pulling data from /mnt/ssd3/ronan/data/raw
2019-08-13 14:45:27,731:INFO:Performing GCCA
2019-08-13 14:51:22,895:INFO:Calculated ranks:
2019-08-13 14:51:22,896:INFO:[7, 7, 9, 3, 8, 7, 8, 8, 10, 7, 8, 11, 12, 8, 9, 7, 7, 9, 6, 6, 9, 7, 8, 4, 10, 7, 8, 8, 10, 10, 8, 8, 8, 8, 8, 8, 11, 9, 5, 10, 10, 8, 9, 7, 10, 7, 11, 10, 9, 10, 8, 9, 6, 10, 8, 9, 6, 7, 8, 10, 8, 10, 9, 9, 11, 7, 8, 8, 7, 7, 10, 10, 8, 8, 10, 9, 10, 7, 9, 8, 9, 9, 5, 8, 7, 8, 4, 8, 10, 7, 8, 8, 7, 9, 9, 7, 5, 11, 10, 8, 9, 7, 11, 8, 7, 8, 7, 7, 6, 9, 7, 9, 8, 7, 8, 9, 8, 7, 9, 7, 6, 9, 8, 9, 7, 8, 10, 10, 8, 10, 8, 6, 9, 9, 6, 10, 9, 7, 9, 8, 11, 7, 9, 9, 6, 10, 8, 9, 7, 9, 12, 9, 9, 7, 5, 9, 8, 9, 8, 8, 9, 10, 11, 9, 8, 7, 9, 6, 7, 9, 8, 6, 10, 9, 7, 9, 9, 7, 8, 8, 4, 7, 8, 8, 8, 7, 8, 7, 10, 9, 6, 4, 7, 9, 6, 8, 11, 7, 8, 7, 9, 10, 8, 10, 8, 8, 7, 9, 7, 7, 9, 8, 10, 7, 10, 11, 11, 7, 8, 10, 11, 8, 4, 8, 8, 10, 10, 10]
2019-08-13 14:51:22,896:INFO:Saving reduce correlations to /mnt/ssd3/ronan/data/gcca_250
2019-08-16 11:39:51,219:INFO:NEW GCCA RUN
2019-08-16 11:39:51,220:INFO:Pulling data from /mnt/ssd3/ronan/data/raw
2019-08-16 11:42:16,159:INFO:Performing GCCA
2019-08-16 11:48:13,838:INFO:Calculated ranks:
2019-08-16 11:48:13,838:INFO:[7, 6, 5, 4, 3, 4, 5, 6, 2, 6, 8, 6, 6, 6, 4, 5, 5, 6, 6, 3, 2, 3, 5, 4, 6, 4, 4, 4, 4, 6, 5, 7, 4, 4, 6, 8, 3, 6, 5, 5, 3, 3, 5, 6, 5, 4, 6, 5, 5, 6, 6, 6, 6, 5, 4, 5, 4, 4, 5, 5, 6, 7, 6, 6, 4, 6, 4, 5, 6, 6, 6, 6, 5, 5, 5, 7, 4, 6, 6, 5, 5, 5, 5, 6, 5, 5, 7, 5, 6, 3, 6, 3, 4, 3, 4, 3, 5, 5, 4, 5, 4, 2, 5, 5, 5, 5, 5, 5, 4, 5, 7, 5, 4, 7, 6, 5, 7, 7, 5, 5, 5, 7, 5, 4, 3, 5, 5, 5, 5, 3, 5, 5, 4, 3, 6, 4, 6, 5, 5, 6, 4, 5, 3, 5, 6, 5, 5, 5, 3, 5, 4, 5, 5, 3, 5, 4, 4, 5, 6, 6, 6, 4, 5, 4, 4, 7, 3, 5, 4, 6, 5, 7, 5, 5, 5, 3, 6, 2, 6, 7, 4, 5, 5, 6, 4, 4, 5, 4, 5, 5, 3, 4, 5, 5, 6, 5, 4, 6, 3, 5, 6, 6, 5, 5, 6, 6, 5, 5, 5, 5, 5, 4, 5, 5, 4, 5, 7, 2, 3, 6, 4, 4, 4, 3, 6, 6, 6, 6]
2019-08-16 11:48:13,838:INFO:Saving reduce correlations to /mnt/ssd3/ronan/data/gcca_raw-True
2019-08-16 12:04:53,388:INFO:NEW GCCA RUN
2019-08-16 12:04:53,388:INFO:Pulling data from /mnt/ssd3/ronan/data/raw
2019-08-16 12:07:17,417:INFO:Performing GCCA
2019-08-16 12:16:32,368:INFO:Calculated ranks:
2019-08-16 12:16:32,368:INFO:[225, 205, 232, 219, 228, 219, 222, 221, 220, 222, 225, 231, 222, 222, 226, 225, 222, 221, 228, 224, 219, 223, 219, 224, 224, 220, 224, 230, 228, 222, 228, 225, 222, 218, 222, 225, 227, 219, 226, 226, 224, 228, 222, 209, 222, 223, 222, 220, 224, 227, 226, 215, 227, 221, 221, 223, 150, 209, 224, 220, 224, 225, 226, 229, 225, 218, 225, 229, 228, 226, 216, 228, 222, 226, 221, 214, 224, 221, 226, 224, 222, 224, 227, 229, 228, 224, 224, 209, 221, 152, 225, 226, 219, 220, 221, 222, 224, 222, 224, 228, 231, 146, 224, 218, 147, 226, 223, 225, 226, 229, 212, 223, 217, 228, 231, 223, 224, 225, 224, 213, 219, 222, 223, 227, 225, 222, 226, 228, 217, 216, 214, 211, 225, 228, 212, 215, 216, 225, 226, 226, 221, 230, 150, 223, 224, 223, 223, 215, 223, 223, 222, 154, 223, 225, 229, 231, 220, 227, 224, 221, 228, 222, 224, 225, 224, 221, 226, 227, 223, 222, 222, 225, 219, 223, 225, 224, 226, 152, 213, 223, 210, 225, 223, 224, 218, 225, 222, 222, 221, 224, 229, 224, 226, 224, 221, 221, 223, 224, 222, 219, 225, 220, 221, 226, 217, 226, 223, 227, 227, 220, 223, 147, 222, 218, 225, 221, 228, 141, 220, 223, 222, 228, 207, 224, 223, 230, 227, 222]
2019-08-16 12:16:32,368:INFO:Saving reduce correlations to /mnt/ssd3/ronan/data/gcca_raw-True_param-0.9
2019-08-19 14:03:07,625:INFO:NEW GCCA RUN
2019-08-19 14:03:07,626:INFO:Pulling data from /mnt/ssd3/ronan/data/raw
2019-08-19 14:05:32,554:INFO:Performing GCCA
2019-08-19 14:13:16,354:INFO:Calculated ranks:
2019-08-19 14:13:16,354:INFO:[179, 148, 187, 193, 170, 166, 162, 184, 154, 179, 191, 181, 142, 187, 178, 176, 174, 155, 189, 177, 163, 145, 173, 192, 183, 136, 189, 190, 169, 171, 188, 189, 176, 167, 178, 189, 176, 164, 195, 174, 137, 169, 175, 179, 169, 181, 148, 151, 177, 169, 190, 165, 198, 139, 173, 180, 119, 168, 187, 166, 178, 166, 174, 178, 165, 178, 164, 177, 156, 191, 130, 179, 172, 189, 147, 160, 166, 187, 172, 177, 172, 179, 174, 176, 188, 150, 187, 174, 154, 127, 170, 124, 162, 126, 148, 168, 196, 156, 171, 165, 170, 112, 164, 143, 114, 158, 184, 193, 159, 188, 178, 184, 152, 192, 185, 181, 187, 191, 181, 139, 170, 182, 156, 178, 138, 186, 182, 177, 131, 131, 153, 147, 175, 158, 172, 154, 158, 134, 172, 168, 133, 200, 112, 184, 192, 173, 161, 165, 171, 177, 168, 121, 148, 167, 196, 167, 165, 184, 182, 186, 189, 171, 132, 160, 150, 185, 153, 184, 154, 150, 172, 191, 164, 180, 193, 142, 178, 101, 137, 179, 163, 175, 167, 178, 164, 163, 173, 167, 178, 177, 179, 194, 161, 180, 183, 167, 180, 177, 176, 171, 178, 170, 147, 169, 133, 156, 181, 173, 173, 184, 179, 124, 159, 175, 179, 152, 178, 76, 137, 176, 137, 195, 183, 161, 189, 181, 185, 164]
2019-08-19 14:13:16,354:INFO:Saving reduce correlations to /mnt/ssd3/ronan/data/gcca_raw-True_param-0.9
2019-08-21 17:05:31,746:INFO:NEW GCCA RUN
2019-08-21 17:05:31,746:INFO:Pulling data from /mnt/ssd3/ronan/data/raw
2019-08-21 17:08:00,448:INFO:Performing GCCA
2019-08-21 17:15:36,175:INFO:Calculated ranks:
2019-08-21 17:15:36,175:INFO:[179, 148, 187, 193, 170, 166, 162, 184, 154, 179, 191, 181, 142, 187, 178, 176, 174, 155, 189, 177, 163, 145, 173, 192, 183, 136, 189, 190, 169, 171, 188, 189, 176, 167, 178, 189, 176, 164, 195, 174, 137, 169, 175, 179, 169, 181, 148, 151, 177, 169, 190, 165, 198, 139, 173, 180, 119, 168, 187, 166, 178, 166, 174, 178, 165, 178, 164, 177, 156, 191, 130, 179, 172, 189, 147, 160, 166, 187, 172, 177, 172, 179, 174, 176, 188, 150, 187, 174, 154, 127, 170, 124, 162, 126, 148, 168, 196, 156, 171, 165, 170, 112, 164, 143, 114, 158, 184, 193, 159, 188, 178, 184, 152, 192, 185, 181, 187, 191, 181, 139, 170, 182, 156, 178, 138, 186, 182, 177, 131, 131, 153, 147, 175, 158, 172, 154, 158, 134, 172, 168, 133, 200, 112, 184, 192, 173, 161, 165, 171, 177, 168, 121, 148, 167, 196, 167, 165, 184, 182, 186, 189, 171, 132, 160, 150, 185, 153, 184, 154, 150, 172, 191, 164, 180, 193, 142, 178, 101, 137, 179, 163, 175, 167, 178, 164, 163, 173, 167, 178, 177, 179, 194, 161, 180, 183, 167, 180, 177, 176, 171, 178, 170, 147, 169, 133, 156, 181, 173, 173, 184, 179, 124, 159, 175, 179, 152, 178, 76, 137, 176, 137, 195, 183, 161, 189, 181, 185, 164]
2019-08-21 17:15:36,175:INFO:Saving reduce correlations to /mnt/ssd3/ronan/data/gcca_raw-True_param-0.3
2019-08-21 17:19:49,406:INFO:NEW GCCA RUN
2019-08-21 17:19:49,406:INFO:Pulling data from /mnt/ssd3/ronan/data/raw
2019-08-21 17:22:20,122:INFO:Performing GCCA
2019-08-21 17:28:20,497:INFO:Calculated ranks:
2019-08-21 17:28:20,498:INFO:[6, 4, 8, 26, 4, 5, 4, 10, 3, 7, 14, 7, 5, 12, 6, 4, 3, 4, 7, 3, 2, 2, 6, 18, 9, 2, 13, 10, 4, 5, 9, 12, 5, 6, 5, 12, 6, 5, 19, 5, 2, 4, 6, 15, 5, 5, 6, 4, 6, 5, 12, 5, 23, 2, 4, 8, 4, 6, 10, 5, 6, 6, 5, 5, 4, 7, 2, 5, 2, 15, 2, 7, 5, 11, 3, 6, 5, 13, 5, 6, 5, 8, 2, 5, 9, 1, 14, 8, 5, 6, 4, 1, 2, 1, 3, 4, 24, 5, 5, 4, 5, 4, 5, 2, 4, 4, 9, 16, 1, 10, 11, 8, 2, 14, 7, 8, 12, 15, 8, 3, 6, 9, 4, 5, 2, 11, 7, 6, 2, 2, 4, 3, 5, 2, 6, 4, 4, 2, 5, 5, 3, 23, 4, 9, 16, 5, 3, 5, 4, 7, 7, 5, 2, 2, 18, 5, 5, 7, 8, 14, 9, 5, 2, 3, 2, 11, 3, 6, 2, 2, 5, 14, 6, 7, 18, 2, 7, 1, 3, 7, 6, 4, 4, 6, 2, 4, 5, 4, 8, 6, 2, 22, 2, 7, 9, 4, 8, 6, 5, 5, 7, 7, 2, 4, 3, 2, 7, 5, 5, 11, 7, 6, 4, 6, 7, 4, 7, 1, 2, 6, 2, 17, 26, 4, 15, 8, 9, 6]
2019-08-21 17:28:20,498:INFO:Saving reduce correlations to /mnt/ssd3/ronan/data/gcca_raw-True_param-0.3
2019-08-21 17:31:34,334:INFO:NEW GCCA RUN
2019-08-21 17:31:34,334:INFO:Pulling data from /mnt/ssd3/ronan/data/raw
2019-08-21 17:34:03,520:INFO:Performing GCCA
2019-08-21 17:40:06,277:INFO:Calculated ranks:
2019-08-21 17:40:06,278:INFO:[31, 13, 36, 62, 16, 19, 15, 44, 11, 36, 49, 29, 13, 46, 29, 26, 25, 12, 42, 26, 18, 4, 27, 53, 39, 5, 48, 44, 17, 21, 41, 47, 30, 21, 32, 46, 26, 17, 56, 22, 5, 16, 28, 49, 21, 35, 15, 13, 29, 17, 48, 21, 60, 8, 23, 35, 15, 30, 44, 17, 31, 17, 24, 25, 16, 37, 10, 26, 7, 50, 7, 28, 25, 45, 10, 18, 17, 48, 21, 29, 24, 36, 19, 25, 42, 7, 47, 40, 14, 25, 19, 2, 12, 3, 10, 20, 62, 14, 21, 16, 17, 13, 15, 6, 13, 12, 41, 54, 5, 41, 44, 40, 9, 49, 35, 37, 44, 51, 35, 8, 26, 37, 13, 27, 5, 45, 35, 24, 5, 6, 13, 10, 24, 9, 34, 13, 15, 5, 22, 18, 9, 61, 11, 41, 53, 22, 13, 19, 23, 31, 23, 15, 6, 13, 55, 16, 20, 36, 37, 47, 42, 21, 7, 12, 6, 45, 9, 36, 6, 6, 24, 50, 19, 34, 54, 6, 31, 5, 8, 34, 23, 27, 16, 30, 14, 15, 26, 18, 34, 27, 23, 58, 8, 32, 42, 19, 34, 30, 30, 28, 29, 27, 6, 17, 6, 8, 36, 21, 21, 44, 32, 25, 13, 32, 30, 13, 28, 3, 5, 27, 8, 53, 60, 15, 50, 30, 37, 17]
2019-08-21 17:40:06,278:INFO:Saving reduce correlations to /mnt/ssd3/ronan/data/gcca_raw-True_param-0.5
2019-08-21 17:47:26,004:INFO:NEW GCCA RUN
2019-08-21 17:47:26,004:INFO:Pulling data from /mnt/ssd3/ronan/data/raw
2019-08-21 17:49:54,482:INFO:Performing GCCA
2019-08-21 17:56:08,484:INFO:Calculated ranks:
2019-08-21 17:56:08,484:INFO:[85, 54, 92, 113, 69, 70, 63, 96, 52, 88, 103, 82, 43, 99, 82, 81, 79, 55, 97, 81, 67, 37, 80, 106, 93, 30, 102, 99, 68, 74, 96, 101, 83, 72, 85, 100, 79, 66, 110, 76, 29, 67, 81, 99, 71, 89, 49, 50, 82, 67, 102, 71, 114, 34, 78, 88, 51, 81, 98, 67, 84, 65, 77, 80, 65, 89, 61, 79, 49, 103, 30, 82, 76, 100, 44, 65, 67, 101, 72, 82, 77, 87, 74, 78, 97, 44, 100, 90, 52, 64, 71, 17, 64, 18, 46, 70, 114, 55, 73, 64, 67, 46, 64, 37, 48, 55, 95, 107, 54, 95, 94, 94, 51, 104, 90, 90, 98, 105, 88, 38, 76, 91, 53, 81, 30, 99, 89, 78, 25, 30, 54, 49, 77, 52, 85, 55, 60, 28, 74, 69, 33, 115, 42, 95, 107, 76, 61, 70, 76, 84, 72, 52, 42, 66, 109, 65, 69, 91, 90, 100, 97, 74, 28, 57, 45, 98, 48, 91, 49, 45, 77, 104, 68, 88, 107, 34, 83, 24, 36, 87, 72, 79, 68, 83, 67, 62, 78, 70, 86, 81, 80, 111, 56, 86, 94, 70, 87, 82, 83, 79, 83, 77, 42, 68, 31, 50, 89, 73, 74, 97, 85, 63, 58, 84, 83, 50, 81, 12, 30, 81, 33, 107, 108, 60, 102, 84, 92, 65]
2019-08-21 17:56:08,484:INFO:Min rank: 12
2019-08-21 17:56:08,484:INFO:Saving reduce correlations to /mnt/ssd3/ronan/data/gcca_raw-True_param-0.7
2020-01-07 10:16:15,394:INFO:NEW GCCA RUN
2020-01-07 10:16:15,394:INFO:Pulling data from /mnt/ssd3/ronan/data/raw
2020-01-07 10:23:45,775:INFO:NEW GCCA RUN
2020-01-07 10:23:45,776:INFO:Pulling data from /mnt/ssd3/ronan/data/raw
2020-01-07 10:29:55,961:INFO:NEW GCCA RUN
2020-01-07 10:29:55,961:INFO:Pulling data from /mnt/ssd3/ronan/data/raw
2020-01-07 10:32:23,737:INFO:Performing GCCA
2020-01-07 10:34:56,398:INFO:Ranks are [7, 6, 5, 4, 3, 4, 5, 6, 2, 6, 8, 6, 6, 6, 4, 5, 5, 6, 6, 3, 2, 3, 5, 4, 6, 4, 4, 4, 4, 6, 5, 7, 4, 4, 6, 8, 3, 6, 5, 5, 3, 3, 5, 6, 5, 4, 6, 5, 5, 6, 6, 6, 6, 5, 4, 5, 4, 4, 5, 5, 6, 7, 6, 6, 4, 6, 4, 5, 6, 6, 6, 6, 5, 5, 5, 7, 4, 6, 6, 5, 5, 5, 5, 6, 5, 5, 7, 5, 6, 3, 6, 3, 4, 3, 4, 3, 5, 5, 4, 5, 4, 2, 5, 5, 5, 5, 5, 5, 4, 5, 7, 5, 4, 7, 6, 5, 7, 7, 5, 5, 5, 7, 5, 4, 3, 5, 5, 5, 5, 3, 5, 5, 4, 3, 6, 4, 6, 5, 5, 6, 4, 5, 3, 5, 6, 5, 5, 5, 3, 5, 4, 5, 5, 3, 5, 4, 4, 5, 6, 6, 6, 4, 5, 4, 4, 7, 3, 5, 4, 6, 5, 7, 5, 5, 5, 3, 6, 2, 6, 7, 4, 5, 5, 6, 4, 4, 5, 4, 5, 5, 3, 4, 5, 5, 6, 5, 4, 6, 3, 5, 6, 6, 5, 5, 6, 6, 5, 5, 5, 5, 5, 4, 5, 5, 4, 5, 7, 2, 3, 6, 4, 4, 4, 3, 6, 6, 6, 6]
2020-01-07 10:34:56,415:INFO:Min rank: 2
2020-01-07 10:34:56,415:INFO:Saving reduce correlations to /mnt/ssd3/ronan/data/gcca_raw-True_ZG
2020-01-07 10:39:09,698:INFO:NEW GCCA RUN
2020-01-07 10:39:09,698:INFO:Pulling data from /mnt/ssd3/ronan/data/raw
2020-01-07 10:41:32,425:INFO:Performing GCCA
2020-01-07 10:43:54,944:INFO:Ranks are [9, 7, 8, 7, 6, 6, 8, 8, 4, 8, 8, 7, 8, 8, 7, 7, 7, 8, 7, 6, 4, 6, 8, 6, 8, 6, 6, 7, 7, 7, 7, 9, 6, 7, 8, 8, 5, 8, 7, 6, 5, 7, 7, 8, 7, 6, 8, 6, 7, 7, 8, 7, 7, 6, 7, 6, 6, 6, 7, 6, 8, 9, 8, 8, 7, 7, 6, 7, 7, 7, 8, 7, 6, 7, 8, 9, 7, 8, 8, 7, 6, 7, 7, 8, 8, 8, 9, 7, 7, 5, 8, 6, 5, 5, 6, 6, 7, 7, 7, 7, 7, 5, 6, 6, 7, 7, 7, 7, 6, 7, 9, 7, 5, 9, 7, 7, 9, 9, 6, 7, 7, 9, 7, 6, 6, 7, 6, 6, 7, 5, 6, 7, 6, 6, 8, 6, 7, 6, 6, 7, 6, 7, 6, 8, 7, 7, 6, 7, 4, 7, 7, 7, 7, 6, 7, 7, 7, 7, 8, 7, 8, 7, 7, 6, 6, 9, 5, 6, 6, 8, 6, 9, 6, 7, 7, 6, 7, 5, 7, 9, 7, 7, 7, 7, 7, 7, 7, 6, 7, 7, 5, 7, 6, 6, 8, 6, 7, 8, 7, 7, 7, 7, 7, 7, 7, 7, 7, 7, 6, 7, 7, 6, 8, 7, 6, 7, 9, 4, 6, 7, 6, 8, 6, 5, 8, 8, 7, 7]
2020-01-07 10:43:54,965:INFO:Min rank: 4
2020-01-07 10:43:54,965:INFO:Saving reduce correlations to /mnt/ssd3/ronan/data/gcca_raw-True_ZG-3
2020-03-07 16:22:32,896:INFO:NEW GCCA RUN
2020-03-07 16:22:32,896:INFO:Pulling data from /mnt/ssd3/ronan/data/raw
2020-03-07 16:25:13,735:INFO:Performing GCCA
2020-03-07 16:27:49,219:INFO:Ranks are [9, 7, 8, 7, 6, 6, 8, 8, 4, 8, 8, 7, 8, 8, 7, 7, 7, 8, 7, 6, 4, 6, 8, 6, 8, 6, 6, 7, 7, 7, 7, 9, 6, 7, 8, 8, 5, 8, 7, 6, 5, 7, 7, 8, 7, 6, 8, 6, 7, 7, 8, 7, 7, 6, 7, 6, 6, 6, 7, 6, 8, 9, 8, 8, 7, 7, 6, 7, 7, 7, 8, 7, 6, 7, 8, 9, 7, 8, 8, 7, 6, 7, 7, 8, 8, 8, 9, 7, 7, 5, 8, 6, 5, 5, 6, 6, 7, 7, 7, 7, 7, 5, 6, 6, 7, 7, 7, 7, 6, 7, 9, 7, 5, 9, 7, 7, 9, 9, 6, 7, 7, 9, 7, 6, 6, 7, 6, 6, 7, 5, 6, 7, 6, 6, 8, 6, 7, 6, 6, 7, 6, 7, 6, 8, 7, 7, 6, 7, 4, 7, 7, 7, 7, 6, 7, 7, 7, 7, 8, 7, 8, 7, 7, 6, 6, 9, 5, 6, 6, 8, 6, 9, 6, 7, 7, 6, 7, 5, 7, 9, 7, 7, 7, 7, 7, 7, 7, 6, 7, 7, 5, 7, 6, 6, 8, 6, 7, 8, 7, 7, 7, 7, 7, 7, 7, 7, 7, 7, 6, 7, 7, 6, 8, 7, 6, 7, 9, 4, 6, 7, 6, 8, 6, 5, 8, 8, 7, 7]
2020-03-07 16:27:49,219:INFO:Group embedding dimension: 9
2020-03-07 16:27:49,219:INFO:Saving reduce correlations to /mnt/ssd3/ronan/data/gcca_raw-True_ZG-3
2020-03-07 18:41:08,931:INFO:NEW GCCA RUN
2020-03-07 18:41:08,931:INFO:Pulling data from /mnt/ssd3/ronan/data/raw
2020-03-07 18:43:41,505:INFO:Performing GCCA
2020-03-07 18:46:16,861:INFO:Ranks are [7, 6, 5, 4, 3, 4, 5, 6, 2, 6, 8, 6, 6, 6, 4, 5, 5, 6, 6, 3, 2, 3, 5, 4, 6, 4, 4, 4, 4, 6, 5, 7, 4, 4, 6, 8, 3, 6, 5, 5, 3, 3, 5, 6, 5, 4, 6, 5, 5, 6, 6, 6, 6, 5, 4, 5, 4, 4, 5, 5, 6, 7, 6, 6, 4, 6, 4, 5, 6, 6, 6, 6, 5, 5, 5, 7, 4, 6, 6, 5, 5, 5, 5, 6, 5, 5, 7, 5, 6, 3, 6, 3, 4, 3, 4, 3, 5, 5, 4, 5, 4, 2, 5, 5, 5, 5, 5, 5, 4, 5, 7, 5, 4, 7, 6, 5, 7, 7, 5, 5, 5, 7, 5, 4, 3, 5, 5, 5, 5, 3, 5, 5, 4, 3, 6, 4, 6, 5, 5, 6, 4, 5, 3, 5, 6, 5, 5, 5, 3, 5, 4, 5, 5, 3, 5, 4, 4, 5, 6, 6, 6, 4, 5, 4, 4, 7, 3, 5, 4, 6, 5, 7, 5, 5, 5, 3, 6, 2, 6, 7, 4, 5, 5, 6, 4, 4, 5, 4, 5, 5, 3, 4, 5, 5, 6, 5, 4, 6, 3, 5, 6, 6, 5, 5, 6, 6, 5, 5, 5, 5, 5, 4, 5, 5, 4, 5, 7, 2, 3, 6, 4, 4, 4, 3, 6, 6, 6, 6]
2020-03-07 18:46:16,868:INFO:Group embedding dimension: 8
2020-03-07 18:46:16,868:INFO:Saving reduce correlations to /mnt/ssd3/ronan/data/gcca_raw-True_ZG-2
2020-05-10 21:13:26,780:INFO:NEW GCCA RUN
2020-05-10 21:13:26,781:INFO:Args:
2020-05-10 21:13:26,781:INFO:{'data_dir': PosixPath('/mnt/ssd3/ronan/data/raw'), 'elbos': '3', 'max_rank': False, 'save_dir': PosixPath('/mnt/ssd3/ronan/data/gcca_05-10-21:13:26'), 'tag': False, 'split_half': True}
2020-05-10 21:13:26,781:INFO:SPLIT HALF
2020-05-10 21:13:26,782:INFO:SPLIT HALF 1
2020-05-10 21:13:26,782:INFO:Pulling data from /mnt/ssd3/ronan/data/raw
2020-05-10 21:16:14,904:INFO:Performing GCCA
2020-05-10 21:18:01,934:INFO:NEW GCCA RUN
2020-05-10 21:18:01,935:INFO:Args:
2020-05-10 21:18:01,935:INFO:{'data_dir': PosixPath('/mnt/ssd3/ronan/data/raw'), 'elbos': '3', 'max_rank': False, 'save_dir': PosixPath('/mnt/ssd3/ronan/data/gcca_05-10-21:18:01'), 'tag': False, 'split_half': True}
2020-05-10 21:18:01,935:INFO:SPLIT HALF
2020-05-10 21:18:01,936:INFO:SPLIT HALF 1
2020-05-10 21:18:01,936:INFO:Pulling data from /mnt/ssd3/ronan/data/raw
2020-05-10 21:20:35,509:INFO:Performing GCCA
2020-05-10 21:30:48,523:INFO:NEW GCCA RUN
2020-05-10 21:30:48,523:INFO:Args:
2020-05-10 21:30:48,523:INFO:{'data_dir': PosixPath('/mnt/ssd3/ronan/data/raw'), 'elbos': 3, 'max_rank': False, 'save_dir': PosixPath('/mnt/ssd3/ronan/data/gcca_05-10-21:30'), 'tag': False, 'split_half': True}
2020-05-10 21:30:48,523:INFO:SPLIT HALF
2020-05-10 21:30:48,524:INFO:SPLIT HALF 1
2020-05-10 21:30:48,524:INFO:Pulling data from /mnt/ssd3/ronan/data/raw
2020-05-10 21:33:15,275:INFO:Performing GCCA
2020-05-10 21:36:38,730:INFO:Ranks are [9, 7, 8, 7, 6, 6, 8, 8, 4, 8, 9, 7, 8, 8, 7, 7, 7, 8, 7, 6, 4, 6, 8, 6, 8, 6, 6, 7, 7, 7, 7, 9, 6, 7, 8, 9, 5, 8, 7, 6, 5, 7, 7, 8, 7, 6, 8, 6, 7, 7, 8, 7, 7, 6, 7, 6, 6, 6, 7, 6, 8, 9, 8, 8, 7, 7, 6, 7, 7, 7, 8, 7, 6, 7, 8, 9, 7, 8, 8, 7, 6, 7, 7, 8, 8, 8, 9, 7, 7, 5, 8, 6, 5, 5, 6, 6, 7, 7, 7, 7, 7, 5, 6, 6, 7, 7, 7, 7, 6, 7, 9, 7, 5, 9, 7, 7, 9, 9, 6, 7, 7, 9, 7, 6, 6, 7, 6, 6, 7, 5, 6, 7, 6, 6, 8, 6, 7, 6, 6, 7, 6, 7, 6, 8, 7, 7, 6, 7, 4, 7, 7, 7, 7, 6, 7, 7, 7, 7, 8, 7, 8, 7, 7, 6, 6, 9, 5, 6, 6, 8, 6, 9, 6, 7, 7, 6, 7, 5, 7, 9, 7, 7, 7, 7, 7, 7, 7, 6, 7, 7, 5, 7, 6, 6, 8, 6, 7, 8, 7, 7, 7, 7, 7, 7, 7, 7, 7, 7, 6, 7, 7, 6, 8, 7, 6, 7, 9, 4, 6, 7, 6, 8, 6, 5, 8, 8, 7, 7]
2020-05-10 21:38:46,251:INFO:NEW GCCA RUN
2020-05-10 21:38:46,252:INFO:Args:
2020-05-10 21:38:46,252:INFO:{'data_dir': PosixPath('/mnt/ssd3/ronan/data/raw'), 'elbos': 3, 'max_rank': False, 'save_dir': PosixPath('/mnt/ssd3/ronan/data/gcca_05-10-21:38'), 'tag': False, 'split_half': True}
2020-05-10 21:38:46,252:INFO:SPLIT HALF
2020-05-10 21:38:46,253:INFO:SPLIT HALF 1
2020-05-10 21:38:46,253:INFO:Pulling data from /mnt/ssd3/ronan/data/raw
2020-05-10 21:41:13,747:INFO:Performing GCCA
2020-05-10 21:43:51,403:INFO:Ranks are [9, 7, 8, 7, 6, 6, 8, 8, 4, 8, 9, 7, 8, 8, 7, 7, 7, 8, 7, 6, 4, 6, 8, 6, 8, 6, 6, 7, 7, 7, 7, 9, 6, 7, 8, 9, 5, 8, 7, 6, 5, 7, 7, 8, 7, 6, 8, 6, 7, 7, 8, 7, 7, 6, 7, 6, 6, 6, 7, 6, 8, 9, 8, 8, 7, 7, 6, 7, 7, 7, 8, 7, 6, 7, 8, 9, 7, 8, 8, 7, 6, 7, 7, 8, 8, 8, 9, 7, 7, 5, 8, 6, 5, 5, 6, 6, 7, 7, 7, 7, 7, 5, 6, 6, 7, 7, 7, 7, 6, 7, 9, 7, 5, 9, 7, 7, 9, 9, 6, 7, 7, 9, 7, 6, 6, 7, 6, 6, 7, 5, 6, 7, 6, 6, 8, 6, 7, 6, 6, 7, 6, 7, 6, 8, 7, 7, 6, 7, 4, 7, 7, 7, 7, 6, 7, 7, 7, 7, 8, 7, 8, 7, 7, 6, 6, 9, 5, 6, 6, 8, 6, 9, 6, 7, 7, 6, 7, 5, 7, 9, 7, 7, 7, 7, 7, 7, 7, 6, 7, 7, 5, 7, 6, 6, 8, 6, 7, 8, 7, 7, 7, 7, 7, 7, 7, 7, 7, 7, 6, 7, 7, 6, 8, 7, 6, 7, 9, 4, 6, 7, 6, 8, 6, 5, 8, 8, 7, 7]
2020-05-10 21:50:02,046:INFO:NEW GCCA RUN
2020-05-10 21:50:02,046:INFO:Args:
2020-05-10 21:50:02,046:INFO:{'data_dir': PosixPath('/mnt/ssd3/ronan/data/raw'), 'elbos': 3, 'max_rank': False, 'save_dir': PosixPath('/mnt/ssd3/ronan/data/gcca_05-10-21:50'), 'tag': False, 'split_half': True}
2020-05-10 21:50:02,046:INFO:SPLIT HALF
2020-05-10 21:50:02,047:INFO:SPLIT HALF 1
2020-05-10 21:50:02,048:INFO:Pulling data from /mnt/ssd3/ronan/data/raw
2020-05-10 21:53:46,472:INFO:Performing GCCA
2020-05-10 22:10:39,696:INFO:Ranks are [9, 7, 8, 7, 6, 6, 8, 8, 4, 8, 9, 7, 8, 8, 7, 7, 7, 8, 7, 6, 4, 6, 8, 6, 8, 6, 6, 7, 7, 7, 7, 9, 6, 7, 8, 9, 5, 8, 7, 6, 5, 7, 7, 8, 7, 6, 8, 6, 7, 7, 8, 7, 7, 6, 7, 6, 6, 6, 7, 6, 8, 9, 8, 8, 7, 7, 6, 7, 7, 7, 8, 7, 6, 7, 8, 9, 7, 8, 8, 7, 6, 7, 7, 8, 8, 8, 9, 7, 7, 5, 8, 6, 5, 5, 6, 6, 7, 7, 7, 7, 7, 5, 6, 6, 7, 7, 7, 7, 6, 7, 9, 7, 5, 9, 7, 7, 9, 9, 6, 7, 7, 9, 7, 6, 6, 7, 6, 6, 7, 5, 6, 7, 6, 6, 8, 6, 7, 6, 6, 7, 6, 7, 6, 8, 7, 7, 6, 7, 4, 7, 7, 7, 7, 6, 7, 7, 7, 7, 8, 7, 8, 7, 7, 6, 6, 9, 5, 6, 6, 8, 6, 9, 6, 7, 7, 6, 7, 5, 7, 9, 7, 7, 7, 7, 7, 7, 7, 6, 7, 7, 5, 7, 6, 6, 8, 6, 7, 8, 7, 7, 7, 7, 7, 7, 7, 7, 7, 7, 6, 7, 7, 6, 8, 7, 6, 7, 9, 4, 6, 7, 6, 8, 6, 5, 8, 8, 7, 7]
2020-05-10 22:10:39,696:INFO:Group embedding dimensions: (228, 18715, 4)
2020-05-10 22:10:39,696:INFO:Saving reduce correlations to /mnt/ssd3/ronan/data/gcca_05-10-21:50/split_half_1
2020-05-10 22:10:39,961:INFO:SPLIT HALF 2
2020-05-10 22:10:39,961:INFO:Pulling data from /mnt/ssd3/ronan/data/raw
2020-05-10 22:13:40,139:INFO:Performing GCCA
2020-05-10 22:26:13,700:INFO:Ranks are [9, 7, 8, 7, 6, 6, 8, 8, 4, 8, 9, 7, 8, 8, 7, 7, 7, 8, 7, 6, 4, 6, 8, 6, 8, 6, 6, 7, 7, 7, 7, 9, 6, 7, 8, 9, 5, 8, 7, 6, 5, 7, 7, 8, 7, 6, 8, 6, 7, 7, 8, 7, 7, 6, 7, 6, 6, 6, 7, 6, 8, 9, 8, 8, 7, 7, 6, 7, 7, 7, 8, 7, 6, 7, 8, 9, 7, 8, 8, 7, 6, 7, 7, 8, 8, 8, 9, 7, 7, 5, 8, 6, 5, 5, 6, 6, 7, 7, 7, 7, 7, 5, 6, 6, 7, 7, 7, 7, 6, 7, 9, 7, 5, 9, 7, 7, 9, 9, 6, 7, 7, 9, 7, 6, 6, 7, 6, 6, 7, 5, 6, 7, 6, 6, 8, 6, 7, 6, 6, 7, 6, 7, 6, 8, 7, 7, 6, 7, 4, 7, 7, 7, 7, 6, 7, 7, 7, 7, 8, 7, 8, 7, 7, 6, 6, 9, 5, 6, 6, 8, 6, 9, 6, 7, 7, 6, 7, 5, 7, 9, 7, 7, 7, 7, 7, 7, 7, 6, 7, 7, 5, 7, 6, 6, 8, 6, 7, 8, 7, 7, 7, 7, 7, 7, 7, 7, 7, 7, 6, 7, 7, 6, 8, 7, 6, 7, 9, 4, 6, 7, 6, 8, 6, 5, 8, 8, 7, 7]
2020-05-10 22:26:13,702:INFO:Group embedding dimensions: (228, 18715, 4)
2020-05-10 22:26:13,702:INFO:Saving reduce correlations to /mnt/ssd3/ronan/data/gcca_05-10-21:50/split_half_2
2020-05-10 22:33:37,474:INFO:NEW GCCA RUN
2020-05-10 22:33:37,475:INFO:Args:
2020-05-10 22:33:37,475:INFO:{'data_dir': PosixPath('/mnt/ssd3/ronan/data/raw'), 'elbos': 3, 'max_rank': False, 'save_dir': PosixPath('/mnt/ssd3/ronan/data/gcca_05-10-22:33'), 'tag': False, 'split_half': True}
2020-05-10 22:33:37,475:INFO:SPLIT HALF
2020-05-10 22:33:37,477:INFO:SPLIT HALF 1
2020-05-10 22:33:37,478:INFO:Pulling data from /mnt/ssd3/ronan/data/raw
2020-05-10 22:40:54,983:INFO:NEW GCCA RUN
2020-05-10 22:40:54,983:INFO:Args:
2020-05-10 22:40:54,983:INFO:{'data_dir': PosixPath('/mnt/ssd3/ronan/data/raw'), 'elbos': 3, 'max_rank': False, 'save_dir': PosixPath('/mnt/ssd3/ronan/data/gcca_05-10-22:40'), 'tag': False, 'split_half': True}
2020-05-10 22:40:54,983:INFO:SPLIT HALF
2020-05-10 22:40:54,986:INFO:SPLIT HALF 1
2020-05-10 22:40:54,987:INFO:Pulling data from /mnt/ssd3/ronan/data/raw
2020-05-10 22:43:01,024:INFO:Performing GCCA
2020-05-10 22:50:16,971:INFO:Ranks are [8, 7, 6, 4, 8, 8, 8, 6, 6, 7, 7, 9, 6, 8, 7, 5, 8, 6, 7, 8, 7, 7, 7, 6, 6, 6, 7, 6, 9, 7, 8, 8, 6, 9, 7, 7, 5, 6, 7, 7, 6, 7, 6, 9, 7, 9, 7, 6, 7, 6, 7, 6, 7, 6, 8, 6, 6, 7, 8, 7, 4, 6, 7, 7, 6, 6, 8, 9, 7, 6, 7, 7, 7, 7, 7, 7, 7, 7, 7, 7, 8, 7, 6, 7, 6, 8, 5, 9, 7, 6, 8, 8, 9, 7, 8, 7, 7, 7, 8, 7, 6, 4, 6, 8, 6, 7, 7, 7, 9, 5, 8, 6, 7, 7, 7, 6, 8, 7, 6, 6, 7, 8, 9, 8, 8, 7, 7, 7, 7, 8, 7, 6, 7, 8, 7, 7, 7, 8, 8, 8, 5, 8, 6, 5, 6, 7, 7, 7, 5, 6, 7, 7, 7, 7, 9, 7, 5]
2020-05-10 22:50:16,972:INFO:Group embedding dimensions: (157, 18715, 4)
2020-05-10 22:50:16,973:INFO:Saving reduce correlations to /mnt/ssd3/ronan/data/gcca_05-10-22:40/split_half_1
2020-05-10 22:53:21,510:INFO:NEW GCCA RUN
2020-05-10 22:53:21,510:INFO:Args:
2020-05-10 22:53:21,510:INFO:{'data_dir': PosixPath('/mnt/ssd3/ronan/data/raw'), 'elbos': 3, 'max_rank': False, 'save_dir': PosixPath('/mnt/ssd3/ronan/data/gcca_05-10-22:53'), 'tag': False, 'split_half': True}
2020-05-10 22:53:21,510:INFO:SPLIT HALF
2020-05-10 22:53:21,513:INFO:SPLIT HALF 1
2020-05-10 22:53:21,513:INFO:Pulling data from /mnt/ssd3/ronan/data/raw
2020-05-10 22:55:22,325:INFO:Performing GCCA
2020-05-10 23:02:59,556:INFO:Ranks are [8, 7, 6, 4, 8, 8, 8, 6, 6, 7, 7, 9, 6, 8, 7, 5, 8, 6, 7, 8, 7, 7, 7, 6, 6, 6, 7, 6, 9, 7, 8, 8, 6, 9, 7, 7, 5, 6, 7, 7, 6, 7, 6, 9, 7, 9, 7, 6, 7, 6, 7, 6, 7, 6, 8, 6, 6, 7, 8, 7, 4, 6, 7, 7, 6, 6, 8, 9, 7, 6, 7, 7, 7, 7, 7, 7, 7, 7, 7, 7, 8, 7, 6, 7, 6, 8, 5, 9, 7, 6, 8, 8, 9, 7, 8, 7, 7, 7, 8, 7, 6, 4, 6, 8, 6, 7, 7, 7, 9, 5, 8, 6, 7, 7, 7, 6, 8, 7, 6, 6, 7, 8, 9, 8, 8, 7, 7, 7, 7, 8, 7, 6, 7, 8, 7, 7, 7, 8, 8, 8, 5, 8, 6, 5, 6, 7, 7, 7, 5, 6, 7, 7, 7, 7, 9, 7, 5]
2020-05-10 23:02:59,569:INFO:Group embedding dimensions: (157, 18715, 4)
2020-05-10 23:02:59,570:INFO:Saving reduce correlations to /mnt/ssd3/ronan/data/gcca_05-10-22:53/split_half_1
2020-05-10 23:02:59,757:INFO:SPLIT HALF 2
2020-05-10 23:02:59,757:INFO:Pulling data from /mnt/ssd3/ronan/data/raw
2020-05-10 23:04:49,681:INFO:Performing GCCA
2020-05-10 23:11:09,177:INFO:Ranks are [8, 7, 6, 4, 8, 8, 8, 6, 6, 7, 7, 9, 6, 8, 7, 5, 8, 6, 7, 8, 7, 7, 7, 6, 6, 6, 7, 6, 9, 7, 8, 8, 6, 9, 7, 7, 5, 6, 7, 7, 6, 7, 6, 9, 7, 9, 7, 6, 7, 6, 7, 6, 7, 6, 8, 6, 6, 7, 8, 7, 4, 6, 7, 7, 6, 6, 8, 9, 7, 6, 7, 7, 7, 7, 7, 7, 7, 7, 7, 7, 8, 7, 6, 7, 6, 8, 5, 7, 9, 6, 7, 9, 7, 6, 6, 5, 6, 7, 6, 7, 6, 6, 7, 7, 6, 7, 7, 7, 7, 7, 7, 7, 8, 7, 8, 7, 6, 9, 5, 6, 6, 6, 7, 7, 5, 7, 9, 7, 7, 7, 7, 6, 7, 7, 5, 6, 6, 8, 6, 8, 7, 7, 7, 7, 7, 7, 7, 6, 6, 9, 4, 7, 6, 6, 8, 8, 7, 7]
2020-05-10 23:11:09,179:INFO:Group embedding dimensions: (158, 18715, 4)
2020-05-10 23:11:09,179:INFO:Saving reduce correlations to /mnt/ssd3/ronan/data/gcca_05-10-22:53/split_half_2
2020-05-11 09:49:52,768:INFO:NEW GCCA RUN
2020-05-11 09:49:52,768:INFO:Args:
2020-05-11 09:49:52,768:INFO:{'data_dir': PosixPath('/mnt/ssd3/ronan/data/raw'), 'elbos': 3, 'max_rank': False, 'save_dir': PosixPath('/mnt/ssd3/ronan/data/gcca_05-11-09:49'), 'tag': False, 'split_half': True}
2020-05-11 09:49:52,768:INFO:SPLIT HALF
2020-05-11 09:50:27,625:INFO:NEW GCCA RUN
2020-05-11 09:50:27,625:INFO:Args:
2020-05-11 09:50:27,625:INFO:{'data_dir': PosixPath('/mnt/ssd3/ronan/data/raw'), 'elbos': 3, 'max_rank': False, 'save_dir': PosixPath('/mnt/ssd3/ronan/data/gcca_05-11-09:50'), 'tag': False, 'split_half': True}
2020-05-11 09:50:27,625:INFO:SPLIT HALF
2020-05-11 09:50:42,636:INFO:NEW GCCA RUN
2020-05-11 09:50:42,636:INFO:Args:
2020-05-11 09:50:42,636:INFO:{'data_dir': PosixPath('/mnt/ssd3/ronan/data/raw'), 'elbos': 3, 'max_rank': False, 'save_dir': PosixPath('/mnt/ssd3/ronan/data/gcca_05-11-09:50'), 'tag': False, 'split_half': True}
2020-05-11 09:50:42,637:INFO:SPLIT HALF
2020-05-11 09:51:49,349:INFO:NEW GCCA RUN
2020-05-11 09:51:49,349:INFO:Args:
2020-05-11 09:51:49,349:INFO:{'data_dir': PosixPath('/mnt/ssd3/ronan/data/raw'), 'elbos': 3, 'max_rank': False, 'save_dir': PosixPath('/mnt/ssd3/ronan/data/gcca_05-11-09:51'), 'tag': False, 'split_half': True}
2020-05-11 09:51:49,350:INFO:SPLIT HALF
2020-05-11 09:53:07,905:INFO:NEW GCCA RUN
2020-05-11 09:53:07,905:INFO:Args:
2020-05-11 09:53:07,905:INFO:{'data_dir': PosixPath('/mnt/ssd3/ronan/data/raw'), 'elbos': 3, 'max_rank': False, 'save_dir': PosixPath('/mnt/ssd3/ronan/data/gcca_05-11-09:53'), 'tag': False, 'split_half': True}
2020-05-11 09:53:07,905:INFO:SPLIT HALF
2020-05-11 09:54:36,957:INFO:NEW GCCA RUN
2020-05-11 09:54:36,957:INFO:Args:
2020-05-11 09:54:36,957:INFO:{'data_dir': PosixPath('/mnt/ssd3/ronan/data/raw'), 'elbos': 3, 'max_rank': False, 'save_dir': PosixPath('/mnt/ssd3/ronan/data/gcca_05-11-09:54'), 'tag': False, 'split_half': True}
2020-05-11 09:54:36,957:INFO:SPLIT HALF
2020-05-11 09:54:59,778:INFO:NEW GCCA RUN
2020-05-11 09:54:59,778:INFO:Args:
2020-05-11 09:54:59,778:INFO:{'data_dir': PosixPath('/mnt/ssd3/ronan/data/raw'), 'elbos': 3, 'max_rank': False, 'save_dir': PosixPath('/mnt/ssd3/ronan/data/gcca_05-11-09:54'), 'tag': False, 'split_half': True}
2020-05-11 09:54:59,778:INFO:SPLIT HALF
2020-05-11 09:55:15,035:INFO:NEW GCCA RUN
2020-05-11 09:55:15,035:INFO:Args:
2020-05-11 09:55:15,035:INFO:{'data_dir': PosixPath('/mnt/ssd3/ronan/data/raw'), 'elbos': 3, 'max_rank': False, 'save_dir': PosixPath('/mnt/ssd3/ronan/data/gcca_05-11-09:55'), 'tag': False, 'split_half': True}
2020-05-11 09:55:15,036:INFO:SPLIT HALF
2020-05-11 09:56:28,135:INFO:NEW GCCA RUN
2020-05-11 09:56:28,135:INFO:Args:
2020-05-11 09:56:28,135:INFO:{'data_dir': PosixPath('/mnt/ssd3/ronan/data/raw'), 'elbos': 3, 'max_rank': False, 'save_dir': PosixPath('/mnt/ssd3/ronan/data/gcca_05-11-09:56'), 'tag': False, 'split_half': True}
2020-05-11 09:56:28,136:INFO:SPLIT HALF
2020-05-11 09:58:27,255:INFO:NEW GCCA RUN
2020-05-11 09:58:27,255:INFO:Args:
2020-05-11 09:58:27,255:INFO:{'data_dir': PosixPath('/mnt/ssd3/ronan/data/raw'), 'elbos': 3, 'max_rank': False, 'save_dir': PosixPath('/mnt/ssd3/ronan/data/gcca_05-11-09:58'), 'tag': False, 'split_half': True}
2020-05-11 09:58:27,255:INFO:SPLIT HALF
2020-05-11 09:58:36,580:INFO:NEW GCCA RUN
2020-05-11 09:58:36,580:INFO:Args:
2020-05-11 09:58:36,580:INFO:{'data_dir': PosixPath('/mnt/ssd3/ronan/data/raw'), 'elbos': 3, 'max_rank': False, 'save_dir': PosixPath('/mnt/ssd3/ronan/data/gcca_05-11-09:58'), 'tag': False, 'split_half': True}
2020-05-11 09:58:36,580:INFO:SPLIT HALF
2020-05-11 09:58:49,566:INFO:NEW GCCA RUN
2020-05-11 09:58:49,566:INFO:Args:
2020-05-11 09:58:49,566:INFO:{'data_dir': PosixPath('/mnt/ssd3/ronan/data/raw'), 'elbos': 3, 'max_rank': False, 'save_dir': PosixPath('/mnt/ssd3/ronan/data/gcca_05-11-09:58'), 'tag': False, 'split_half': True}
2020-05-11 09:58:49,566:INFO:SPLIT HALF
2020-05-11 09:59:30,189:INFO:NEW GCCA RUN
2020-05-11 09:59:30,189:INFO:Args:
2020-05-11 09:59:30,189:INFO:{'data_dir': PosixPath('/mnt/ssd3/ronan/data/raw'), 'elbos': 3, 'max_rank': False, 'save_dir': PosixPath('/mnt/ssd3/ronan/data/gcca_05-11-09:59'), 'tag': False, 'split_half': True}
2020-05-11 09:59:30,189:INFO:SPLIT HALF
2020-05-11 09:59:52,818:INFO:NEW GCCA RUN
2020-05-11 09:59:52,818:INFO:Args:
2020-05-11 09:59:52,818:INFO:{'data_dir': PosixPath('/mnt/ssd3/ronan/data/raw'), 'elbos': 3, 'max_rank': False, 'save_dir': PosixPath('/mnt/ssd3/ronan/data/gcca_05-11-09:59'), 'tag': False, 'split_half': True}
2020-05-11 09:59:52,818:INFO:SPLIT HALF
2020-05-11 10:00:00,464:INFO:NEW GCCA RUN
2020-05-11 10:00:00,464:INFO:Args:
2020-05-11 10:00:00,464:INFO:{'data_dir': PosixPath('/mnt/ssd3/ronan/data/raw'), 'elbos': 3, 'max_rank': False, 'save_dir': PosixPath('/mnt/ssd3/ronan/data/gcca_05-11-10:00'), 'tag': False, 'split_half': True}
2020-05-11 10:00:00,464:INFO:SPLIT HALF
2020-05-11 10:00:13,249:INFO:NEW GCCA RUN
2020-05-11 10:00:13,250:INFO:Args:
2020-05-11 10:00:13,250:INFO:{'data_dir': PosixPath('/mnt/ssd3/ronan/data/raw'), 'elbos': 3, 'max_rank': False, 'save_dir': PosixPath('/mnt/ssd3/ronan/data/gcca_05-11-10:00'), 'tag': False, 'split_half': True}
2020-05-11 10:00:13,250:INFO:SPLIT HALF
2020-05-11 10:00:29,956:INFO:NEW GCCA RUN
2020-05-11 10:00:29,957:INFO:Args:
2020-05-11 10:00:29,957:INFO:{'data_dir': PosixPath('/mnt/ssd3/ronan/data/raw'), 'elbos': 3, 'max_rank': False, 'save_dir': PosixPath('/mnt/ssd3/ronan/data/gcca_05-11-10:00'), 'tag': False, 'split_half': True}
2020-05-11 10:00:29,957:INFO:SPLIT HALF
2020-05-11 10:01:14,431:INFO:NEW GCCA RUN
2020-05-11 10:01:14,431:INFO:Args:
2020-05-11 10:01:14,431:INFO:{'data_dir': PosixPath('/mnt/ssd3/ronan/data/raw'), 'elbos': 3, 'max_rank': False, 'save_dir': PosixPath('/mnt/ssd3/ronan/data/gcca_05-11-10:01'), 'tag': False, 'split_half': True}
2020-05-11 10:01:14,431:INFO:SPLIT HALF
2020-05-11 10:01:33,278:INFO:NEW GCCA RUN
2020-05-11 10:01:33,278:INFO:Args:
2020-05-11 10:01:33,279:INFO:{'data_dir': PosixPath('/mnt/ssd3/ronan/data/raw'), 'elbos': 3, 'max_rank': False, 'save_dir': PosixPath('/mnt/ssd3/ronan/data/gcca_05-11-10:01'), 'tag': False, 'split_half': True}
2020-05-11 10:01:33,279:INFO:SPLIT HALF
2020-05-11 10:10:57,318:INFO:NEW GCCA RUN
2020-05-11 10:10:57,318:INFO:Args:
2020-05-11 10:10:57,318:INFO:{'data_dir': PosixPath('/mnt/ssd3/ronan/data/raw'), 'elbos': 3, 'max_rank': False, 'save_dir': PosixPath('/mnt/ssd3/ronan/data/gcca_05-11-10:10'), 'tag': False, 'split_half': True}
2020-05-11 10:10:57,318:INFO:SPLIT HALF
2020-05-11 10:11:16,011:INFO:NEW GCCA RUN
2020-05-11 10:11:16,011:INFO:Args:
2020-05-11 10:11:16,011:INFO:{'data_dir': PosixPath('/mnt/ssd3/ronan/data/raw'), 'elbos': 3, 'max_rank': False, 'save_dir': PosixPath('/mnt/ssd3/ronan/data/gcca_05-11-10:11'), 'tag': False, 'split_half': True}
2020-05-11 10:11:16,011:INFO:SPLIT HALF
2020-05-11 10:11:29,163:INFO:NEW GCCA RUN
2020-05-11 10:11:29,163:INFO:Args:
2020-05-11 10:11:29,163:INFO:{'data_dir': PosixPath('/mnt/ssd3/ronan/data/raw'), 'elbos': 3, 'max_rank': False, 'save_dir': PosixPath('/mnt/ssd3/ronan/data/gcca_05-11-10:11'), 'tag': False, 'split_half': True}
2020-05-11 10:11:29,163:INFO:SPLIT HALF
2020-05-11 10:11:37,133:INFO:NEW GCCA RUN
2020-05-11 10:11:37,133:INFO:Args:
2020-05-11 10:11:37,133:INFO:{'data_dir': PosixPath('/mnt/ssd3/ronan/data/raw'), 'elbos': 3, 'max_rank': False, 'save_dir': PosixPath('/mnt/ssd3/ronan/data/gcca_05-11-10:11'), 'tag': False, 'split_half': True}
2020-05-11 10:11:37,133:INFO:SPLIT HALF
2020-05-11 10:12:39,140:INFO:NEW GCCA RUN
2020-05-11 10:12:39,140:INFO:Args:
2020-05-11 10:12:39,140:INFO:{'data_dir': PosixPath('/mnt/ssd3/ronan/data/raw'), 'elbos': 3, 'max_rank': False, 'save_dir': PosixPath('/mnt/ssd3/ronan/data/gcca_05-11-10:12'), 'tag': False, 'split_half': True}
2020-05-11 10:12:39,140:INFO:SPLIT HALF
2020-05-11 10:16:27,050:INFO:NEW GCCA RUN
2020-05-11 10:16:27,050:INFO:Args:
2020-05-11 10:16:27,050:INFO:{'data_dir': PosixPath('/mnt/ssd3/ronan/data/raw'), 'elbos': 3, 'max_rank': False, 'save_dir': PosixPath('/mnt/ssd3/ronan/data/gcca_05-11-10:16'), 'tag': False, 'split_half': True}
2020-05-11 10:16:27,050:INFO:SPLIT HALF
2020-05-11 10:18:32,927:INFO:NEW GCCA RUN
2020-05-11 10:18:32,927:INFO:Args:
2020-05-11 10:18:32,927:INFO:{'data_dir': PosixPath('/mnt/ssd3/ronan/data/raw'), 'elbos': 3, 'max_rank': False, 'save_dir': PosixPath('/mnt/ssd3/ronan/data/gcca_05-11-10:18'), 'tag': False, 'split_half': True}
2020-05-11 10:18:32,927:INFO:SPLIT HALF
2020-05-11 10:18:41,823:INFO:NEW GCCA RUN
2020-05-11 10:18:41,823:INFO:Args:
2020-05-11 10:18:41,823:INFO:{'data_dir': PosixPath('/mnt/ssd3/ronan/data/raw'), 'elbos': 3, 'max_rank': False, 'save_dir': PosixPath('/mnt/ssd3/ronan/data/gcca_05-11-10:18'), 'tag': False, 'split_half': True}
2020-05-11 10:18:41,823:INFO:SPLIT HALF
2020-05-11 10:20:12,227:INFO:NEW GCCA RUN
2020-05-11 10:20:12,227:INFO:Args:
2020-05-11 10:20:12,227:INFO:{'data_dir': PosixPath('/mnt/ssd3/ronan/data/raw'), 'elbos': 3, 'max_rank': False, 'save_dir': PosixPath('/mnt/ssd3/ronan/data/gcca_05-11-10:20'), 'tag': False, 'split_half': True}
2020-05-11 10:20:12,227:INFO:SPLIT HALF
2020-05-11 10:21:10,534:INFO:NEW GCCA RUN
2020-05-11 10:21:10,534:INFO:Args:
2020-05-11 10:21:10,534:INFO:{'data_dir': PosixPath('/mnt/ssd3/ronan/data/raw'), 'elbos': 3, 'max_rank': False, 'save_dir': PosixPath('/mnt/ssd3/ronan/data/gcca_05-11-10:21'), 'tag': False, 'split_half': True}
2020-05-11 10:21:10,534:INFO:SPLIT HALF
2020-05-11 10:22:06,424:INFO:NEW GCCA RUN
2020-05-11 10:22:06,424:INFO:Args:
2020-05-11 10:22:06,424:INFO:{'data_dir': PosixPath('/mnt/ssd3/ronan/data/raw'), 'elbos': 3, 'max_rank': False, 'save_dir': PosixPath('/mnt/ssd3/ronan/data/gcca_05-11-10:22'), 'tag': False, 'split_half': True}
2020-05-11 10:22:06,424:INFO:SPLIT HALF
2020-05-11 10:22:50,832:INFO:NEW GCCA RUN
2020-05-11 10:22:50,832:INFO:Args:
2020-05-11 10:22:50,832:INFO:{'data_dir': PosixPath('/mnt/ssd3/ronan/data/raw'), 'elbos': 3, 'max_rank': False, 'save_dir': PosixPath('/mnt/ssd3/ronan/data/gcca_05-11-10:22'), 'tag': False, 'split_half': True}
2020-05-11 10:22:50,832:INFO:SPLIT HALF
2020-05-11 10:23:13,996:INFO:NEW GCCA RUN
2020-05-11 10:23:13,996:INFO:Args:
2020-05-11 10:23:13,996:INFO:{'data_dir': PosixPath('/mnt/ssd3/ronan/data/raw'), 'elbos': 3, 'max_rank': False, 'save_dir': PosixPath('/mnt/ssd3/ronan/data/gcca_05-11-10:23'), 'tag': False, 'split_half': True}
2020-05-11 10:23:13,996:INFO:SPLIT HALF
2020-05-11 10:23:13,998:INFO:SPLIT HALF 1
2020-05-11 10:23:13,998:INFO:Pulling data from /mnt/ssd3/ronan/data/raw
2020-05-11 10:25:08,848:INFO:Performing GCCA
2020-05-11 10:29:16,074:INFO:Ranks are [8, 7, 6, 4, 8, 8, 8, 6, 6, 7, 7, 9, 6, 8, 7, 5, 8, 6, 7, 8, 7, 7, 7, 6, 6, 6, 7, 6, 9, 7, 8, 8, 6, 9, 7, 7, 5, 6, 7, 7, 6, 7, 6, 9, 7, 9, 7, 6, 7, 6, 7, 6, 7, 6, 8, 6, 6, 7, 8, 7, 4, 6, 7, 7, 6, 6, 8, 9, 7, 6, 7, 7, 7, 7, 7, 7, 7, 7, 7, 7, 8, 7, 6, 7, 6, 8, 5, 7, 4, 8, 6, 7, 7, 7, 6, 7, 5, 6, 6, 7, 7, 9, 9, 6, 8, 7, 6, 7, 9, 6, 5, 6, 7, 7, 8, 7, 9, 6, 7, 7, 4, 7, 6, 9, 6, 7, 7, 7, 7, 5, 7, 6, 6, 8, 6, 6, 5, 8, 7, 6, 6, 9, 7, 8, 6, 7, 7, 7, 7, 5, 7, 8, 8, 5, 8, 6, 7, 8]
2020-05-11 10:29:16,075:INFO:Group embedding dimensions: (158, 18715, 4)
2020-05-11 10:29:16,076:INFO:Saving reduce correlations to /mnt/ssd3/ronan/data/gcca_05-11-10:23/split_half_1
2020-05-11 10:29:16,274:INFO:SPLIT HALF 2
2020-05-11 10:29:16,275:INFO:Pulling data from /mnt/ssd3/ronan/data/raw
2020-05-11 10:31:00,272:INFO:Performing GCCA
2020-05-11 10:35:01,446:INFO:Ranks are [8, 7, 6, 4, 8, 8, 8, 6, 6, 7, 7, 9, 6, 8, 7, 5, 8, 6, 7, 8, 7, 7, 7, 6, 6, 6, 7, 6, 9, 7, 8, 8, 6, 9, 7, 7, 5, 6, 7, 7, 6, 7, 6, 9, 7, 9, 7, 6, 7, 6, 7, 6, 7, 6, 8, 6, 6, 7, 8, 7, 4, 6, 7, 7, 6, 6, 8, 9, 7, 6, 7, 7, 7, 7, 7, 7, 7, 7, 7, 7, 8, 7, 6, 7, 6, 8, 5, 7, 6, 8, 9, 7, 8, 7, 5, 7, 7, 7, 8, 8, 9, 7, 6, 8, 5, 5, 6, 7, 6, 7, 7, 8, 7, 7, 6, 6, 6, 7, 7, 7, 7, 6, 6, 7, 7, 7, 7, 7, 6, 8, 7, 7, 7, 7, 7, 8, 7, 9, 8, 7, 6, 7, 7, 7, 7, 8, 7, 7, 7, 6, 7, 8, 7, 9, 7, 6, 8]
2020-05-11 10:35:01,448:INFO:Group embedding dimensions: (157, 18715, 4)
2020-05-11 10:35:01,448:INFO:Saving reduce correlations to /mnt/ssd3/ronan/data/gcca_05-11-10:23/split_half_2
2020-05-17 17:35:18,314:INFO:NEW GCCA RUN
2020-05-17 17:35:18,314:INFO:Args:
2020-05-17 17:35:18,314:INFO:{'data_dir': PosixPath('/mnt/ssd3/ronan/data/raw'), 'elbos': 2, 'max_rank': True, 'save_dir': PosixPath('/mnt/ssd3/ronan/data/gcca_05-17-17:35'), 'tag': 'max_rank-ZG2', 'split_half': False}
2020-05-17 17:35:18,315:INFO:Pulling data from /mnt/ssd3/ronan/data/raw
2020-05-17 17:38:07,286:INFO:Performing GCCA
2020-05-17 17:39:16,951:INFO:NEW GCCA RUN
2020-05-17 17:39:16,951:INFO:Args:
2020-05-17 17:39:16,951:INFO:{'data_dir': PosixPath('/mnt/ssd3/ronan/data/raw'), 'elbos': 2, 'max_rank': True, 'save_dir': PosixPath('/mnt/ssd3/ronan/data/gcca_05-17-17:39'), 'tag': 'max_rank-ZG2', 'split_half': False}
2020-05-17 17:39:24,425:INFO:NEW GCCA RUN
2020-05-17 17:39:24,425:INFO:Args:
2020-05-17 17:39:24,425:INFO:{'data_dir': PosixPath('/mnt/ssd3/ronan/data/raw'), 'elbos': 2, 'max_rank': True, 'save_dir': PosixPath('/mnt/ssd3/ronan/data/gcca_05-17-17:39'), 'tag': 'max_rank-ZG2', 'split_half': False}
2020-05-17 17:39:24,425:INFO:Pulling data from /mnt/ssd3/ronan/data/raw
2020-05-17 17:42:06,883:INFO:Performing GCCA
2020-05-17 17:44:07,058:INFO:NEW GCCA RUN
2020-05-17 17:44:07,058:INFO:Args:
2020-05-17 17:44:07,058:INFO:{'data_dir': PosixPath('/mnt/ssd3/ronan/data/raw'), 'elbos': 2, 'max_rank': True, 'save_dir': PosixPath('/mnt/ssd3/ronan/data/gcca_05-17-17:44'), 'tag': 'max_rank-ZG2', 'split_half': False}
2020-05-17 17:45:14,600:INFO:NEW GCCA RUN
2020-05-17 17:45:14,600:INFO:Args:
2020-05-17 17:45:14,600:INFO:{'data_dir': PosixPath('/mnt/ssd3/ronan/data/raw'), 'elbos': 2, 'max_rank': True, 'save_dir': PosixPath('/mnt/ssd3/ronan/data/gcca_05-17-17:45'), 'tag': 'max_rank-ZG2', 'split_half': False}
2020-05-17 17:45:14,600:INFO:Pulling data from /mnt/ssd3/ronan/data/raw
2020-05-17 17:47:56,035:INFO:Performing GCCA
2020-05-17 17:50:40,061:INFO:Ranks are [7, 6, 5, 4, 3, 4, 5, 6, 2, 6, 8, 6, 6, 6, 4, 5, 5, 6, 6, 3, 2, 3, 5, 4, 6, 4, 4, 4, 4, 6, 5, 7, 4, 4, 6, 8, 3, 6, 5, 5, 3, 3, 5, 6, 5, 4, 6, 5, 5, 6, 6, 6, 6, 5, 4, 5, 4, 4, 5, 5, 6, 7, 6, 6, 4, 6, 4, 5, 6, 6, 6, 6, 5, 5, 5, 7, 4, 6, 6, 5, 5, 5, 5, 6, 5, 5, 7, 5, 6, 3, 6, 3, 4, 3, 4, 3, 5, 5, 4, 5, 4, 2, 5, 5, 5, 5, 5, 5, 4, 5, 7, 5, 4, 7, 6, 5, 7, 7, 5, 5, 5, 7, 5, 4, 3, 5, 5, 5, 5, 3, 5, 5, 4, 3, 6, 4, 6, 5, 5, 6, 4, 5, 3, 5, 6, 5, 5, 5, 3, 5, 4, 5, 5, 3, 5, 4, 4, 5, 6, 6, 6, 4, 5, 4, 4, 7, 3, 5, 4, 6, 5, 7, 5, 5, 5, 3, 6, 2, 6, 7, 4, 5, 5, 6, 4, 4, 5, 4, 5, 5, 3, 4, 5, 5, 6, 5, 4, 6, 3, 5, 6, 6, 5, 5, 6, 6, 5, 5, 5, 5, 5, 4, 5, 5, 4, 5, 7, 2, 3, 6, 4, 4, 4, 3, 6, 6, 6, 6]
2020-05-17 17:50:40,062:INFO:Group embedding dimensions: (228, 18715, 8)
2020-05-17 17:50:40,062:INFO:Saving reduce correlations to /mnt/ssd3/ronan/data/gcca_05-17-17:45_max_rank-ZG2
2020-05-17 18:27:47,099:INFO:NEW GCCA RUN
2020-05-17 18:27:47,099:INFO:Args:
2020-05-17 18:27:47,099:INFO:{'data_dir': PosixPath('/mnt/ssd3/ronan/data/raw'), 'elbos': 2, 'max_rank': True, 'save_dir': PosixPath('/mnt/ssd3/ronan/data/gcca_05-17-18:27'), 'tag': 'max_rank-ZG2', 'split_half': False}
2020-05-17 18:27:47,099:INFO:Pulling data from /mnt/ssd3/ronan/data/raw
2020-05-17 18:30:24,760:INFO:Performing GCCA
2020-05-17 18:33:12,470:INFO:Ranks are [7, 6, 5, 4, 3, 4, 5, 6, 2, 6, 8, 6, 6, 6, 4, 5, 5, 6, 6, 3, 2, 3, 5, 4, 6, 4, 4, 4, 4, 6, 5, 7, 4, 4, 6, 8, 3, 6, 5, 5, 3, 3, 5, 6, 5, 4, 6, 5, 5, 6, 6, 6, 6, 5, 4, 5, 4, 4, 5, 5, 6, 7, 6, 6, 4, 6, 4, 5, 6, 6, 6, 6, 5, 5, 5, 7, 4, 6, 6, 5, 5, 5, 5, 6, 5, 5, 7, 5, 6, 3, 6, 3, 4, 3, 4, 3, 5, 5, 4, 5, 4, 2, 5, 5, 5, 5, 5, 5, 4, 5, 7, 5, 4, 7, 6, 5, 7, 7, 5, 5, 5, 7, 5, 4, 3, 5, 5, 5, 5, 3, 5, 5, 4, 3, 6, 4, 6, 5, 5, 6, 4, 5, 3, 5, 6, 5, 5, 5, 3, 5, 4, 5, 5, 3, 5, 4, 4, 5, 6, 6, 6, 4, 5, 4, 4, 7, 3, 5, 4, 6, 5, 7, 5, 5, 5, 3, 6, 2, 6, 7, 4, 5, 5, 6, 4, 4, 5, 4, 5, 5, 3, 4, 5, 5, 6, 5, 4, 6, 3, 5, 6, 6, 5, 5, 6, 6, 5, 5, 5, 5, 5, 4, 5, 5, 4, 5, 7, 2, 3, 6, 4, 4, 4, 3, 6, 6, 6, 6]
2020-05-17 18:33:12,471:INFO:Group embedding dimensions: (228, 18715, 8)
2020-05-17 18:33:12,471:INFO:Saving reduce correlations to /mnt/ssd3/ronan/data/gcca_05-17-18:27_max_rank-ZG2
2020-05-26 10:39:41,798:INFO:NEW GCCA RUN
2020-05-26 10:39:41,799:INFO:Args:
2020-05-26 10:39:41,799:INFO:{'data_dir': PosixPath('/mnt/ssd3/ronan/data/raw'), 'elbos': 3, 'max_rank': False, 'save_dir': PosixPath('/mnt/ssd3/ronan/data/gcca_05-26-10:39'), 'tag': 'min_rank-ZG3', 'split_half': False}
2020-05-26 10:39:41,800:INFO:Pulling data from /mnt/ssd3/ronan/data/raw
2020-05-26 10:42:23,125:INFO:Performing GCCA
2020-05-26 10:45:03,625:INFO:Ranks are [9, 7, 8, 7, 6, 6, 8, 8, 4, 8, 9, 7, 8, 8, 7, 7, 7, 8, 7, 6, 4, 6, 8, 6, 8, 6, 6, 7, 7, 7, 7, 9, 6, 7, 8, 9, 5, 8, 7, 6, 5, 7, 7, 8, 7, 6, 8, 6, 7, 7, 8, 7, 7, 6, 7, 6, 6, 6, 7, 6, 8, 9, 8, 8, 7, 7, 6, 7, 7, 7, 8, 7, 6, 7, 8, 9, 7, 8, 8, 7, 6, 7, 7, 8, 8, 8, 9, 7, 7, 5, 8, 6, 5, 5, 6, 6, 7, 7, 7, 7, 7, 5, 6, 6, 7, 7, 7, 7, 6, 7, 9, 7, 5, 9, 7, 7, 9, 9, 6, 7, 7, 9, 7, 6, 6, 7, 6, 6, 7, 5, 6, 7, 6, 6, 8, 6, 7, 6, 6, 7, 6, 7, 6, 8, 7, 7, 6, 7, 4, 7, 7, 7, 7, 6, 7, 7, 7, 7, 8, 7, 8, 7, 7, 6, 6, 9, 5, 6, 6, 8, 6, 9, 6, 7, 7, 6, 7, 5, 7, 9, 7, 7, 7, 7, 7, 7, 7, 6, 7, 7, 5, 7, 6, 6, 8, 6, 7, 8, 7, 7, 7, 7, 7, 7, 7, 7, 7, 7, 6, 7, 7, 6, 8, 7, 6, 7, 9, 4, 6, 7, 6, 8, 6, 5, 8, 8, 7, 7]
2020-05-26 10:45:03,628:INFO:Group embedding dimensions: (228, 18715, 4)
2020-05-26 10:45:03,628:INFO:Saving reduce correlations to /mnt/ssd3/ronan/data/gcca_05-26-10:39_min_rank-ZG3
